c:\users\bonerogrammer\onedrive\사진\문서\visual studio 2015\projects\bone_engine\bone_engine\bone_network\bone_network\debug\bone_network.pch
c:\users\bonerogrammer\onedrive\사진\문서\visual studio 2015\projects\bone_engine\bone_engine\bone_network\bone_network\debug\bone_network.pdb
c:\users\bonerogrammer\onedrive\사진\문서\visual studio 2015\projects\bone_engine\bone_engine\bone_network\bone_network\debug\bone_network.idb
c:\users\bonerogrammer\onedrive\사진\문서\visual studio 2015\projects\bone_engine\bone_engine\bone_network\bone_network\debug\cstream.obj
c:\users\bonerogrammer\onedrive\사진\문서\visual studio 2015\projects\bone_engine\bone_engine\bone_network\bone_network\debug\cservice.obj
c:\users\bonerogrammer\onedrive\사진\문서\visual studio 2015\projects\bone_engine\bone_engine\bone_network\bone_network\debug\cregistry.obj
c:\users\bonerogrammer\onedrive\사진\문서\visual studio 2015\projects\bone_engine\bone_engine\bone_network\bone_network\debug\cpacketsession.obj
c:\users\bonerogrammer\onedrive\사진\문서\visual studio 2015\projects\bone_engine\bone_engine\bone_network\bone_network\debug\cnetworksession.obj
c:\users\bonerogrammer\onedrive\사진\문서\visual studio 2015\projects\bone_engine\bone_engine\bone_network\bone_network\debug\cminidump.obj
c:\users\bonerogrammer\onedrive\사진\문서\visual studio 2015\projects\bone_engine\bone_engine\bone_network\bone_network\debug\ciocp.obj
c:\users\bonerogrammer\onedrive\사진\문서\visual studio 2015\projects\bone_engine\bone_engine\bone_network\bone_network\debug\cinifile.obj
c:\users\bonerogrammer\onedrive\사진\문서\visual studio 2015\projects\bone_engine\bone_engine\bone_network\bone_network\debug\ceventselect.obj
c:\users\bonerogrammer\onedrive\사진\문서\visual studio 2015\projects\bone_engine\bone_engine\bone_network\bone_network\debug\ccrypt.obj
c:\users\bonerogrammer\onedrive\사진\문서\visual studio 2015\projects\bone_engine\bone_engine\bone_network\bone_network\debug\cclientsession.obj
c:\users\bonerogrammer\onedrive\사진\문서\visual studio 2015\projects\bone_engine\bone_engine\bone_network\bone_network\debug\ccircularqueue.obj
c:\users\bonerogrammer\onedrive\사진\문서\visual studio 2015\projects\bone_engine\bone_engine\debug\bone_network.lib
c:\users\bonerogrammer\onedrive\사진\문서\visual studio 2015\projects\bone_engine\bone_engine\debug\bone_network.pdb
c:\users\bonerogrammer\onedrive\사진\문서\visual studio 2015\projects\bone_engine\bone_engine\bone_network\bone_network\debug\bone_network.tlog\cl.command.1.tlog
c:\users\bonerogrammer\onedrive\사진\문서\visual studio 2015\projects\bone_engine\bone_engine\bone_network\bone_network\debug\bone_network.tlog\cl.read.1.tlog
c:\users\bonerogrammer\onedrive\사진\문서\visual studio 2015\projects\bone_engine\bone_engine\bone_network\bone_network\debug\bone_network.tlog\cl.write.1.tlog
c:\users\bonerogrammer\onedrive\사진\문서\visual studio 2015\projects\bone_engine\bone_engine\bone_network\bone_network\debug\bone_network.tlog\lib-link.read.1.tlog
c:\users\bonerogrammer\onedrive\사진\문서\visual studio 2015\projects\bone_engine\bone_engine\bone_network\bone_network\debug\bone_network.tlog\lib-link.write.1.tlog
c:\users\bonerogrammer\onedrive\사진\문서\visual studio 2015\projects\bone_engine\bone_engine\bone_network\bone_network\debug\bone_network.tlog\lib.command.1.tlog
