c:\users\bonerogrammer\onedrive\사진\문서\visual studio 2015\projects\bone_engine\bone_engine\debug\vc140.pdb
c:\users\bonerogrammer\onedrive\사진\문서\visual studio 2015\projects\bone_engine\bone_engine\debug\vc140.idb
c:\users\bonerogrammer\onedrive\사진\문서\visual studio 2015\projects\bone_engine\bone_engine\debug\ccrypt.obj
c:\users\bonerogrammer\onedrive\사진\문서\visual studio 2015\projects\bone_engine\bone_engine\debug\cinifile.obj
c:\users\bonerogrammer\onedrive\사진\문서\visual studio 2015\projects\bone_engine\bone_engine\debug\cregistry.obj
c:\users\bonerogrammer\onedrive\사진\문서\visual studio 2015\projects\bone_engine\bone_engine\debug\cservice.obj
c:\users\bonerogrammer\onedrive\사진\문서\visual studio 2015\projects\bone_engine\bone_engine\debug\cstream.obj
c:\users\bonerogrammer\onedrive\사진\문서\visual studio 2015\projects\bone_engine\bone_engine\debug\program.obj
c:\users\bonerogrammer\onedrive\사진\문서\visual studio 2015\projects\bone_engine\bone_engine\debug\cminidump.obj
c:\users\bonerogrammer\onedrive\사진\문서\visual studio 2015\projects\bone_engine\bone_engine\debug\ccircularqueue.obj
c:\users\bonerogrammer\onedrive\사진\문서\visual studio 2015\projects\bone_engine\bone_engine\debug\cmultithreadsync.obj
c:\users\bonerogrammer\onedrive\사진\문서\visual studio 2015\projects\bone_engine\bone_engine\debug\ciocp.obj
c:\users\bonerogrammer\onedrive\사진\문서\visual studio 2015\projects\bone_engine\bone_engine\debug\cnetworksession.obj
c:\users\bonerogrammer\onedrive\사진\문서\visual studio 2015\projects\bone_engine\bone_engine\debug\cpacketsession.obj
c:\users\bonerogrammer\onedrive\사진\문서\visual studio 2015\projects\bone_engine\bone_engine\debug\test.obj
c:\users\bonerogrammer\onedrive\사진\문서\visual studio 2015\projects\bone_engine\bone_engine\debug\cmemorypool.obj
c:\users\bonerogrammer\onedrive\사진\문서\visual studio 2015\projects\bone_engine\debug\bone_engine.ilk
c:\users\bonerogrammer\onedrive\사진\문서\visual studio 2015\projects\bone_engine\debug\bone_engine.exe
c:\users\bonerogrammer\onedrive\사진\문서\visual studio 2015\projects\bone_engine\debug\bone_engine.pdb
c:\users\bonerogrammer\onedrive\사진\문서\visual studio 2015\projects\bone_engine\bone_engine\debug\bone_engine.tlog\cl.command.1.tlog
c:\users\bonerogrammer\onedrive\사진\문서\visual studio 2015\projects\bone_engine\bone_engine\debug\bone_engine.tlog\cl.read.1.tlog
c:\users\bonerogrammer\onedrive\사진\문서\visual studio 2015\projects\bone_engine\bone_engine\debug\bone_engine.tlog\cl.write.1.tlog
c:\users\bonerogrammer\onedrive\사진\문서\visual studio 2015\projects\bone_engine\bone_engine\debug\bone_engine.tlog\link-cvtres.read.1.tlog
c:\users\bonerogrammer\onedrive\사진\문서\visual studio 2015\projects\bone_engine\bone_engine\debug\bone_engine.tlog\link-cvtres.write.1.tlog
c:\users\bonerogrammer\onedrive\사진\문서\visual studio 2015\projects\bone_engine\bone_engine\debug\bone_engine.tlog\link-rc.read.1.tlog
c:\users\bonerogrammer\onedrive\사진\문서\visual studio 2015\projects\bone_engine\bone_engine\debug\bone_engine.tlog\link-rc.write.1.tlog
c:\users\bonerogrammer\onedrive\사진\문서\visual studio 2015\projects\bone_engine\bone_engine\debug\bone_engine.tlog\link.2224-cvtres.read.1.tlog
c:\users\bonerogrammer\onedrive\사진\문서\visual studio 2015\projects\bone_engine\bone_engine\debug\bone_engine.tlog\link.2224-cvtres.write.1.tlog
c:\users\bonerogrammer\onedrive\사진\문서\visual studio 2015\projects\bone_engine\bone_engine\debug\bone_engine.tlog\link.2224-rc.read.1.tlog
c:\users\bonerogrammer\onedrive\사진\문서\visual studio 2015\projects\bone_engine\bone_engine\debug\bone_engine.tlog\link.2224-rc.write.1.tlog
c:\users\bonerogrammer\onedrive\사진\문서\visual studio 2015\projects\bone_engine\bone_engine\debug\bone_engine.tlog\link.2224.read.1.tlog
c:\users\bonerogrammer\onedrive\사진\문서\visual studio 2015\projects\bone_engine\bone_engine\debug\bone_engine.tlog\link.2224.write.1.tlog
c:\users\bonerogrammer\onedrive\사진\문서\visual studio 2015\projects\bone_engine\bone_engine\debug\bone_engine.tlog\link.command.1.tlog
c:\users\bonerogrammer\onedrive\사진\문서\visual studio 2015\projects\bone_engine\bone_engine\debug\bone_engine.tlog\link.read.1.tlog
c:\users\bonerogrammer\onedrive\사진\문서\visual studio 2015\projects\bone_engine\bone_engine\debug\bone_engine.tlog\link.write.1.tlog
