C:\Program Files (x86)\MSBuild\Microsoft.Cpp\v4.0\V140\Microsoft.CppBuild.targets(392,5): warning MSB8028: The intermediate directory (Debug\) contains files shared from another project (BONE_ENGINE.vcxproj).  This can lead to incorrect clean and rebuild behavior.
  CStream.cpp
c:\program files (x86)\windows kits\8.1\include\um\dbghelp.h(1544): warning C4091: 'typedef ': 변수를 선언하지 않으면 '' 왼쪽은 무시됩니다.
c:\program files (x86)\windows kits\8.1\include\um\dbghelp.h(3190): warning C4091: 'typedef ': 변수를 선언하지 않으면 '' 왼쪽은 무시됩니다.
  CService.cpp
c:\users\bonerogrammer\onedrive\사진\문서\visual studio 2015\projects\bone_engine\bone_network\cservice.cpp(89): warning C4715: 'BONE_NETWORK::CService::Uninstall': 모든 제어 경로에서 값을 반환하지는 않습니다.
  CRegistry.cpp
  CPacketSession.cpp
c:\users\bonerogrammer\onedrive\사진\문서\visual studio 2015\projects\bone_engine\bone_network\cpacketsession.cpp(138): warning C4018: '<=': signed 또는 unsigned가 일치하지 않습니다.
c:\users\bonerogrammer\onedrive\사진\문서\visual studio 2015\projects\bone_engine\bone_network\cpacketsession.cpp(321): warning C4700: 초기화되지 않은 'PacketLength' 지역 변수를 사용했습니다.
  CNetworkSession.cpp
  CMiniDump.cpp
  CMemoryPool.cpp
  CIOCP.cpp
c:\users\bonerogrammer\onedrive\사진\문서\visual studio 2015\projects\bone_engine\bone_network\ciocp.cpp(46): warning C4018: '<': signed 또는 unsigned가 일치하지 않습니다.
c:\users\bonerogrammer\onedrive\사진\문서\visual studio 2015\projects\bone_engine\bone_network\ciocp.cpp(80): warning C4551: 함수 호출에 인수 목록이 없습니다.
  CIniFile.cpp
c:\users\bonerogrammer\onedrive\사진\문서\visual studio 2015\projects\bone_engine\bone_network\cinifile.cpp(95): warning C4244: '=': 'DWORD'에서 'TCHAR'(으)로 변환하면서 데이터가 손실될 수 있습니다.
c:\users\bonerogrammer\onedrive\사진\문서\visual studio 2015\projects\bone_engine\bone_network\cinifile.cpp(86): warning C4715: 'BONE_NETWORK::CIniFile::GetValue': 모든 제어 경로에서 값을 반환하지는 않습니다.
  CEventSelect.cpp
  CCrypt.cpp
  CClientSession.cpp
  CCircularQueue.cpp
CMemoryPool.obj : warning LNK4221: 이 개체 파일은 이전에 정의되지 않은 공용 기호를 정의하지 않으므로 이 라이브러리를 사용하는 어떠한 링크 작업에도 사용되지 않습니다.
  BONE_ENGINE.vcxproj -> C:\Users\Bonerogrammer\OneDrive\사진\문서\Visual Studio 2015\Projects\BONE_ENGINE\Debug\BONE_NETWORK.lib
