c:\users\69277\source\repos\bone_engine\bone_engine\bone_graphics\x64\debug\bone_graphics.pch
c:\users\69277\source\repos\bone_engine\bone_engine\bone_graphics\x64\debug\bone_graphics.pdb
c:\users\69277\source\repos\bone_engine\bone_engine\bone_graphics\x64\debug\bone_graphics.idb
c:\users\69277\source\repos\bone_engine\bone_engine\bone_graphics\x64\debug\vertex.obj
c:\users\69277\source\repos\bone_engine\bone_engine\bone_graphics\x64\debug\transform3d.obj
c:\users\69277\source\repos\bone_engine\bone_engine\bone_graphics\x64\debug\transform2d.obj
c:\users\69277\source\repos\bone_engine\bone_engine\bone_graphics\x64\debug\trailrenderer.obj
c:\users\69277\source\repos\bone_engine\bone_engine\bone_graphics\x64\debug\staticmesh.obj
c:\users\69277\source\repos\bone_engine\bone_engine\bone_graphics\x64\debug\spritebillboard.obj
c:\users\69277\source\repos\bone_engine\bone_engine\bone_graphics\x64\debug\snowparticle.obj
c:\users\69277\source\repos\bone_engine\bone_engine\bone_graphics\x64\debug\screensprite.obj
c:\users\69277\source\repos\bone_engine\bone_engine\bone_graphics\x64\debug\skybox.obj
c:\users\69277\source\repos\bone_engine\bone_engine\bone_graphics\x64\debug\skinnedmesh.obj
c:\users\69277\source\repos\bone_engine\bone_engine\bone_graphics\x64\debug\scenemanager.obj
c:\users\69277\source\repos\bone_engine\bone_engine\bone_graphics\x64\debug\scene.obj
c:\users\69277\source\repos\bone_engine\bone_engine\bone_graphics\x64\debug\resourcemanager.obj
c:\users\69277\source\repos\bone_engine\bone_engine\bone_graphics\x64\debug\rendermanager.obj
c:\users\69277\source\repos\bone_engine\bone_engine\bone_graphics\x64\debug\common.obj
c:\users\69277\source\repos\bone_engine\bone_engine\bone_graphics\x64\debug\logmanager.obj
c:\users\69277\source\repos\bone_engine\bone_engine\bone_graphics\x64\debug\ishader.obj
c:\users\69277\source\repos\bone_engine\bone_engine\bone_graphics\x64\debug\inputmanager.obj
c:\users\69277\source\repos\bone_engine\bone_engine\bone_graphics\x64\debug\screenimage.obj
c:\users\69277\source\repos\bone_engine\bone_engine\bone_graphics\x64\debug\particlesystem.obj
c:\users\69277\source\repos\bone_engine\bone_engine\bone_graphics\x64\debug\gameobject.obj
c:\users\69277\source\repos\bone_engine\bone_engine\bone_graphics\x64\debug\fireworkparticle.obj
c:\users\69277\source\repos\bone_engine\bone_engine\bone_graphics\x64\debug\interface.obj
c:\users\69277\source\repos\bone_engine\bone_engine\bone_graphics\x64\debug\component.obj
c:\users\69277\source\repos\bone_engine\bone_engine\bone_graphics\x64\debug\collision.obj
c:\users\69277\source\repos\bone_engine\bone_engine\bone_graphics\x64\debug\camera.obj
c:\users\69277\source\repos\bone_engine\bone_engine\bone_graphics\x64\debug\bonehierarchyloader.obj
c:\users\69277\source\repos\bone_engine\bone_engine\bone_graphics\x64\debug\billboard.obj
c:\users\69277\source\repos\bone_engine\bone_engine\bone_graphics\x64\debug\tinystr.obj
c:\users\69277\source\repos\bone_engine\bone_engine\bone_graphics\x64\debug\tinyxml.obj
c:\users\69277\source\repos\bone_engine\bone_engine\bone_graphics\x64\debug\tinyxmlerror.obj
c:\users\69277\source\repos\bone_engine\bone_engine\bone_graphics\x64\debug\tinyxmlparser.obj
c:\users\69277\source\repos\bone_engine\bone_engine\x64\debug\bone_graphics.lib
c:\users\69277\source\repos\bone_engine\bone_engine\x64\debug\bone_graphics.pdb
c:\users\69277\source\repos\bone_engine\bone_engine\bone_graphics\x64\debug\bone_graphics.tlog\cl.command.1.tlog
c:\users\69277\source\repos\bone_engine\bone_engine\bone_graphics\x64\debug\bone_graphics.tlog\cl.read.1.tlog
c:\users\69277\source\repos\bone_engine\bone_engine\bone_graphics\x64\debug\bone_graphics.tlog\cl.write.1.tlog
c:\users\69277\source\repos\bone_engine\bone_engine\bone_graphics\x64\debug\bone_graphics.tlog\lib-link.read.1.tlog
c:\users\69277\source\repos\bone_engine\bone_engine\bone_graphics\x64\debug\bone_graphics.tlog\lib-link.write.1.tlog
c:\users\69277\source\repos\bone_engine\bone_engine\bone_graphics\x64\debug\bone_graphics.tlog\lib.command.1.tlog
