  SpriteBillBoard.cpp
  ScreenSprite.cpp
  RenderManager.cpp
c:\users\69277\source\repos\bone_engine\bone_engine\bone_graphics\rendermanager.cpp(95): warning C4267: '인수': 'size_t'에서 'int'(으)로 변환하면서 데이터가 손실될 수 있습니다.
c:\users\69277\source\repos\bone_engine\bone_engine\bone_graphics\rendermanager.cpp(100): warning C4838: 'FLOAT'에서 'LONG'(으)로의 변환에는 축소 변환이 필요합니다.
c:\users\69277\source\repos\bone_engine\bone_engine\bone_graphics\rendermanager.cpp(100): warning C4244: '초기화 중': 'FLOAT'에서 'LONG'(으)로 변환하면서 데이터가 손실될 수 있습니다.
c:\users\69277\source\repos\bone_engine\bone_engine\bone_graphics\rendermanager.cpp(214): warning C4800: 'BOOL': 'true' 또는 'false'로 bool 값을 강제하고 있습니다(성능 경고).
c:\users\69277\source\repos\bone_engine\bone_engine\bone_graphics\rendermanager.cpp(233): warning C4800: 'BOOL': 'true' 또는 'false'로 bool 값을 강제하고 있습니다(성능 경고).
  GameObject.cpp
c:\users\69277\source\repos\bone_engine\bone_engine\bone_graphics\gameobject.cpp(158): warning C4244: '인수': 'double'에서 'float'(으)로 변환하면서 데이터가 손실될 수 있습니다.
c:\users\69277\source\repos\bone_engine\bone_engine\bone_graphics\gameobject.cpp(281): warning C4715: 'BONE_GRAPHICS::GameObject::FindChildByTag': 모든 제어 경로에서 값을 반환하지는 않습니다.
  Camera.cpp
c:\users\69277\source\repos\bone_engine\bone_engine\bone_graphics\camera.cpp(68): warning C4244: '인수': 'int'에서 'float'(으)로 변환하면서 데이터가 손실될 수 있습니다.
c:\users\69277\source\repos\bone_engine\bone_engine\bone_graphics\camera.cpp(80): warning C4244: '인수': 'int'에서 'FLOAT'(으)로 변환하면서 데이터가 손실될 수 있습니다.
c:\users\69277\source\repos\bone_engine\bone_engine\bone_graphics\camera.cpp(82): warning C4244: '인수': 'int'에서 'FLOAT'(으)로 변환하면서 데이터가 손실될 수 있습니다.
c:\users\69277\source\repos\bone_engine\bone_engine\bone_graphics\camera.cpp(100): warning C4244: '인수': 'int'에서 'float'(으)로 변환하면서 데이터가 손실될 수 있습니다.
c:\users\69277\source\repos\bone_engine\bone_engine\bone_graphics\camera.cpp(106): warning C4244: '인수': 'int'에서 'FLOAT'(으)로 변환하면서 데이터가 손실될 수 있습니다.
c:\users\69277\source\repos\bone_engine\bone_engine\bone_graphics\camera.cpp(108): warning C4244: '인수': 'int'에서 'FLOAT'(으)로 변환하면서 데이터가 손실될 수 있습니다.
  BillBoard.cpp
c:\users\69277\source\repos\bone_engine\bone_engine\bone_graphics\billboard.cpp(59): warning C4244: '=': 'double'에서 'FLOAT'(으)로 변환하면서 데이터가 손실될 수 있습니다.
c:\users\69277\source\repos\bone_engine\bone_engine\bone_graphics\billboard.cpp(60): warning C4244: '=': 'double'에서 'FLOAT'(으)로 변환하면서 데이터가 손실될 수 있습니다.
c:\users\69277\source\repos\bone_engine\bone_engine\bone_graphics\billboard.cpp(69): warning C4244: '=': 'double'에서 'FLOAT'(으)로 변환하면서 데이터가 손실될 수 있습니다.
c:\users\69277\source\repos\bone_engine\bone_engine\bone_graphics\billboard.cpp(70): warning C4244: '=': 'double'에서 'FLOAT'(으)로 변환하면서 데이터가 손실될 수 있습니다.
c:\users\69277\source\repos\bone_engine\bone_engine\bone_graphics\billboard.cpp(79): warning C4244: '=': 'double'에서 'FLOAT'(으)로 변환하면서 데이터가 손실될 수 있습니다.
c:\users\69277\source\repos\bone_engine\bone_engine\bone_graphics\billboard.cpp(80): warning C4244: '=': 'double'에서 'FLOAT'(으)로 변환하면서 데이터가 손실될 수 있습니다.
c:\users\69277\source\repos\bone_engine\bone_engine\bone_graphics\billboard.cpp(89): warning C4244: '=': 'double'에서 'FLOAT'(으)로 변환하면서 데이터가 손실될 수 있습니다.
c:\users\69277\source\repos\bone_engine\bone_engine\bone_graphics\billboard.cpp(90): warning C4244: '=': 'double'에서 'FLOAT'(으)로 변환하면서 데이터가 손실될 수 있습니다.
d3dx10d.lib(d3dx10d_43.dll) : warning LNK4006: __NULL_IMPORT_DESCRIPTOR이(가) d3d9.lib(d3d9.dll)에 이미 정의되어 있습니다. 초 정의가 무시됩니다.
d3dx10d.lib(d3dx10d_43.dll) : warning LNK4221: 이 개체 파일은 이전에 정의되지 않은 공용 기호를 정의하지 않으므로 이 라이브러리를 사용하는 어떠한 링크 작업에도 사용되지 않습니다.
d3dx9.lib(d3dx9_43.dll) : warning LNK4006: D3DXVec4TransformArray이(가) d3dx10d.lib(d3dx10d_43.dll)에 이미 정의되어 있습니다. 초 정의가 무시됩니다.
d3dx9.lib(d3dx9_43.dll) : warning LNK4006: __imp_D3DXVec4TransformArray이(가) d3dx10d.lib(d3dx10d_43.dll)에 이미 정의되어 있습니다. 초 정의가 무시됩니다.
d3dx9.lib(d3dx9_43.dll) : warning LNK4221: 이 개체 파일은 이전에 정의되지 않은 공용 기호를 정의하지 않으므로 이 라이브러리를 사용하는 어떠한 링크 작업에도 사용되지 않습니다.
d3dx9.lib(d3dx9_43.dll) : warning LNK4006: D3DXVec4Transform이(가) d3dx10d.lib(d3dx10d_43.dll)에 이미 정의되어 있습니다. 초 정의가 무시됩니다.
d3dx9.lib(d3dx9_43.dll) : warning LNK4006: __imp_D3DXVec4Transform이(가) d3dx10d.lib(d3dx10d_43.dll)에 이미 정의되어 있습니다. 초 정의가 무시됩니다.
d3dx9.lib(d3dx9_43.dll) : warning LNK4221: 이 개체 파일은 이전에 정의되지 않은 공용 기호를 정의하지 않으므로 이 라이브러리를 사용하는 어떠한 링크 작업에도 사용되지 않습니다.
d3dx9.lib(d3dx9_43.dll) : warning LNK4006: D3DXVec4Normalize이(가) d3dx10d.lib(d3dx10d_43.dll)에 이미 정의되어 있습니다. 초 정의가 무시됩니다.
d3dx9.lib(d3dx9_43.dll) : warning LNK4006: __imp_D3DXVec4Normalize이(가) d3dx10d.lib(d3dx10d_43.dll)에 이미 정의되어 있습니다. 초 정의가 무시됩니다.
d3dx9.lib(d3dx9_43.dll) : warning LNK4221: 이 개체 파일은 이전에 정의되지 않은 공용 기호를 정의하지 않으므로 이 라이브러리를 사용하는 어떠한 링크 작업에도 사용되지 않습니다.
d3dx9.lib(d3dx9_43.dll) : warning LNK4006: D3DXVec4Hermite이(가) d3dx10d.lib(d3dx10d_43.dll)에 이미 정의되어 있습니다. 초 정의가 무시됩니다.
d3dx9.lib(d3dx9_43.dll) : warning LNK4006: __imp_D3DXVec4Hermite이(가) d3dx10d.lib(d3dx10d_43.dll)에 이미 정의되어 있습니다. 초 정의가 무시됩니다.
d3dx9.lib(d3dx9_43.dll) : warning LNK4221: 이 개체 파일은 이전에 정의되지 않은 공용 기호를 정의하지 않으므로 이 라이브러리를 사용하는 어떠한 링크 작업에도 사용되지 않습니다.
d3dx9.lib(d3dx9_43.dll) : warning LNK4006: D3DXVec4Cross이(가) d3dx10d.lib(d3dx10d_43.dll)에 이미 정의되어 있습니다. 초 정의가 무시됩니다.
d3dx9.lib(d3dx9_43.dll) : warning LNK4006: __imp_D3DXVec4Cross이(가) d3dx10d.lib(d3dx10d_43.dll)에 이미 정의되어 있습니다. 초 정의가 무시됩니다.
d3dx9.lib(d3dx9_43.dll) : warning LNK4221: 이 개체 파일은 이전에 정의되지 않은 공용 기호를 정의하지 않으므로 이 라이브러리를 사용하는 어떠한 링크 작업에도 사용되지 않습니다.
d3dx9.lib(d3dx9_43.dll) : warning LNK4006: D3DXVec4CatmullRom이(가) d3dx10d.lib(d3dx10d_43.dll)에 이미 정의되어 있습니다. 초 정의가 무시됩니다.
d3dx9.lib(d3dx9_43.dll) : warning LNK4006: __imp_D3DXVec4CatmullRom이(가) d3dx10d.lib(d3dx10d_43.dll)에 이미 정의되어 있습니다. 초 정의가 무시됩니다.
d3dx9.lib(d3dx9_43.dll) : warning LNK4221: 이 개체 파일은 이전에 정의되지 않은 공용 기호를 정의하지 않으므로 이 라이브러리를 사용하는 어떠한 링크 작업에도 사용되지 않습니다.
d3dx9.lib(d3dx9_43.dll) : warning LNK4006: D3DXVec4BaryCentric이(가) d3dx10d.lib(d3dx10d_43.dll)에 이미 정의되어 있습니다. 초 정의가 무시됩니다.
d3dx9.lib(d3dx9_43.dll) : warning LNK4006: __imp_D3DXVec4BaryCentric이(가) d3dx10d.lib(d3dx10d_43.dll)에 이미 정의되어 있습니다. 초 정의가 무시됩니다.
d3dx9.lib(d3dx9_43.dll) : warning LNK4221: 이 개체 파일은 이전에 정의되지 않은 공용 기호를 정의하지 않으므로 이 라이브러리를 사용하는 어떠한 링크 작업에도 사용되지 않습니다.
d3dx9.lib(d3dx9_43.dll) : warning LNK4006: D3DXVec3UnprojectArray이(가) d3dx10d.lib(d3dx10d_43.dll)에 이미 정의되어 있습니다. 초 정의가 무시됩니다.
d3dx9.lib(d3dx9_43.dll) : warning LNK4006: __imp_D3DXVec3UnprojectArray이(가) d3dx10d.lib(d3dx10d_43.dll)에 이미 정의되어 있습니다. 초 정의가 무시됩니다.
d3dx9.lib(d3dx9_43.dll) : warning LNK4221: 이 개체 파일은 이전에 정의되지 않은 공용 기호를 정의하지 않으므로 이 라이브러리를 사용하는 어떠한 링크 작업에도 사용되지 않습니다.
d3dx9.lib(d3dx9_43.dll) : warning LNK4006: D3DXVec3Unproject이(가) d3dx10d.lib(d3dx10d_43.dll)에 이미 정의되어 있습니다. 초 정의가 무시됩니다.
d3dx9.lib(d3dx9_43.dll) : warning LNK4006: __imp_D3DXVec3Unproject이(가) d3dx10d.lib(d3dx10d_43.dll)에 이미 정의되어 있습니다. 초 정의가 무시됩니다.
d3dx9.lib(d3dx9_43.dll) : warning LNK4221: 이 개체 파일은 이전에 정의되지 않은 공용 기호를 정의하지 않으므로 이 라이브러리를 사용하는 어떠한 링크 작업에도 사용되지 않습니다.
d3dx9.lib(d3dx9_43.dll) : warning LNK4006: D3DXVec3TransformNormalArray이(가) d3dx10d.lib(d3dx10d_43.dll)에 이미 정의되어 있습니다. 초 정의가 무시됩니다.
d3dx9.lib(d3dx9_43.dll) : warning LNK4006: __imp_D3DXVec3TransformNormalArray이(가) d3dx10d.lib(d3dx10d_43.dll)에 이미 정의되어 있습니다. 초 정의가 무시됩니다.
d3dx9.lib(d3dx9_43.dll) : warning LNK4221: 이 개체 파일은 이전에 정의되지 않은 공용 기호를 정의하지 않으므로 이 라이브러리를 사용하는 어떠한 링크 작업에도 사용되지 않습니다.
d3dx9.lib(d3dx9_43.dll) : warning LNK4006: D3DXVec3TransformNormal이(가) d3dx10d.lib(d3dx10d_43.dll)에 이미 정의되어 있습니다. 초 정의가 무시됩니다.
d3dx9.lib(d3dx9_43.dll) : warning LNK4006: __imp_D3DXVec3TransformNormal이(가) d3dx10d.lib(d3dx10d_43.dll)에 이미 정의되어 있습니다. 초 정의가 무시됩니다.
d3dx9.lib(d3dx9_43.dll) : warning LNK4221: 이 개체 파일은 이전에 정의되지 않은 공용 기호를 정의하지 않으므로 이 라이브러리를 사용하는 어떠한 링크 작업에도 사용되지 않습니다.
d3dx9.lib(d3dx9_43.dll) : warning LNK4006: D3DXVec3TransformCoordArray이(가) d3dx10d.lib(d3dx10d_43.dll)에 이미 정의되어 있습니다. 초 정의가 무시됩니다.
d3dx9.lib(d3dx9_43.dll) : warning LNK4006: __imp_D3DXVec3TransformCoordArray이(가) d3dx10d.lib(d3dx10d_43.dll)에 이미 정의되어 있습니다. 초 정의가 무시됩니다.
d3dx9.lib(d3dx9_43.dll) : warning LNK4221: 이 개체 파일은 이전에 정의되지 않은 공용 기호를 정의하지 않으므로 이 라이브러리를 사용하는 어떠한 링크 작업에도 사용되지 않습니다.
d3dx9.lib(d3dx9_43.dll) : warning LNK4006: D3DXVec3TransformCoord이(가) d3dx10d.lib(d3dx10d_43.dll)에 이미 정의되어 있습니다. 초 정의가 무시됩니다.
d3dx9.lib(d3dx9_43.dll) : warning LNK4006: __imp_D3DXVec3TransformCoord이(가) d3dx10d.lib(d3dx10d_43.dll)에 이미 정의되어 있습니다. 초 정의가 무시됩니다.
d3dx9.lib(d3dx9_43.dll) : warning LNK4221: 이 개체 파일은 이전에 정의되지 않은 공용 기호를 정의하지 않으므로 이 라이브러리를 사용하는 어떠한 링크 작업에도 사용되지 않습니다.
d3dx9.lib(d3dx9_43.dll) : warning LNK4006: D3DXVec3TransformArray이(가) d3dx10d.lib(d3dx10d_43.dll)에 이미 정의되어 있습니다. 초 정의가 무시됩니다.
d3dx9.lib(d3dx9_43.dll) : warning LNK4006: __imp_D3DXVec3TransformArray이(가) d3dx10d.lib(d3dx10d_43.dll)에 이미 정의되어 있습니다. 초 정의가 무시됩니다.
d3dx9.lib(d3dx9_43.dll) : warning LNK4221: 이 개체 파일은 이전에 정의되지 않은 공용 기호를 정의하지 않으므로 이 라이브러리를 사용하는 어떠한 링크 작업에도 사용되지 않습니다.
d3dx9.lib(d3dx9_43.dll) : warning LNK4006: D3DXVec3Transform이(가) d3dx10d.lib(d3dx10d_43.dll)에 이미 정의되어 있습니다. 초 정의가 무시됩니다.
d3dx9.lib(d3dx9_43.dll) : warning LNK4006: __imp_D3DXVec3Transform이(가) d3dx10d.lib(d3dx10d_43.dll)에 이미 정의되어 있습니다. 초 정의가 무시됩니다.
d3dx9.lib(d3dx9_43.dll) : warning LNK4221: 이 개체 파일은 이전에 정의되지 않은 공용 기호를 정의하지 않으므로 이 라이브러리를 사용하는 어떠한 링크 작업에도 사용되지 않습니다.
d3dx9.lib(d3dx9_43.dll) : warning LNK4006: D3DXVec3ProjectArray이(가) d3dx10d.lib(d3dx10d_43.dll)에 이미 정의되어 있습니다. 초 정의가 무시됩니다.
d3dx9.lib(d3dx9_43.dll) : warning LNK4006: __imp_D3DXVec3ProjectArray이(가) d3dx10d.lib(d3dx10d_43.dll)에 이미 정의되어 있습니다. 초 정의가 무시됩니다.
d3dx9.lib(d3dx9_43.dll) : warning LNK4221: 이 개체 파일은 이전에 정의되지 않은 공용 기호를 정의하지 않으므로 이 라이브러리를 사용하는 어떠한 링크 작업에도 사용되지 않습니다.
d3dx9.lib(d3dx9_43.dll) : warning LNK4006: D3DXVec3Project이(가) d3dx10d.lib(d3dx10d_43.dll)에 이미 정의되어 있습니다. 초 정의가 무시됩니다.
d3dx9.lib(d3dx9_43.dll) : warning LNK4006: __imp_D3DXVec3Project이(가) d3dx10d.lib(d3dx10d_43.dll)에 이미 정의되어 있습니다. 초 정의가 무시됩니다.
d3dx9.lib(d3dx9_43.dll) : warning LNK4221: 이 개체 파일은 이전에 정의되지 않은 공용 기호를 정의하지 않으므로 이 라이브러리를 사용하는 어떠한 링크 작업에도 사용되지 않습니다.
d3dx9.lib(d3dx9_43.dll) : warning LNK4006: D3DXVec3Normalize이(가) d3dx10d.lib(d3dx10d_43.dll)에 이미 정의되어 있습니다. 초 정의가 무시됩니다.
d3dx9.lib(d3dx9_43.dll) : warning LNK4006: __imp_D3DXVec3Normalize이(가) d3dx10d.lib(d3dx10d_43.dll)에 이미 정의되어 있습니다. 초 정의가 무시됩니다.
d3dx9.lib(d3dx9_43.dll) : warning LNK4221: 이 개체 파일은 이전에 정의되지 않은 공용 기호를 정의하지 않으므로 이 라이브러리를 사용하는 어떠한 링크 작업에도 사용되지 않습니다.
d3dx9.lib(d3dx9_43.dll) : warning LNK4006: D3DXVec3Hermite이(가) d3dx10d.lib(d3dx10d_43.dll)에 이미 정의되어 있습니다. 초 정의가 무시됩니다.
d3dx9.lib(d3dx9_43.dll) : warning LNK4006: __imp_D3DXVec3Hermite이(가) d3dx10d.lib(d3dx10d_43.dll)에 이미 정의되어 있습니다. 초 정의가 무시됩니다.
d3dx9.lib(d3dx9_43.dll) : warning LNK4221: 이 개체 파일은 이전에 정의되지 않은 공용 기호를 정의하지 않으므로 이 라이브러리를 사용하는 어떠한 링크 작업에도 사용되지 않습니다.
d3dx9.lib(d3dx9_43.dll) : warning LNK4006: D3DXVec3CatmullRom이(가) d3dx10d.lib(d3dx10d_43.dll)에 이미 정의되어 있습니다. 초 정의가 무시됩니다.
d3dx9.lib(d3dx9_43.dll) : warning LNK4006: __imp_D3DXVec3CatmullRom이(가) d3dx10d.lib(d3dx10d_43.dll)에 이미 정의되어 있습니다. 초 정의가 무시됩니다.
d3dx9.lib(d3dx9_43.dll) : warning LNK4221: 이 개체 파일은 이전에 정의되지 않은 공용 기호를 정의하지 않으므로 이 라이브러리를 사용하는 어떠한 링크 작업에도 사용되지 않습니다.
d3dx9.lib(d3dx9_43.dll) : warning LNK4006: D3DXVec3BaryCentric이(가) d3dx10d.lib(d3dx10d_43.dll)에 이미 정의되어 있습니다. 초 정의가 무시됩니다.
d3dx9.lib(d3dx9_43.dll) : warning LNK4006: __imp_D3DXVec3BaryCentric이(가) d3dx10d.lib(d3dx10d_43.dll)에 이미 정의되어 있습니다. 초 정의가 무시됩니다.
d3dx9.lib(d3dx9_43.dll) : warning LNK4221: 이 개체 파일은 이전에 정의되지 않은 공용 기호를 정의하지 않으므로 이 라이브러리를 사용하는 어떠한 링크 작업에도 사용되지 않습니다.
d3dx9.lib(d3dx9_43.dll) : warning LNK4006: D3DXVec2TransformNormalArray이(가) d3dx10d.lib(d3dx10d_43.dll)에 이미 정의되어 있습니다. 초 정의가 무시됩니다.
d3dx9.lib(d3dx9_43.dll) : warning LNK4006: __imp_D3DXVec2TransformNormalArray이(가) d3dx10d.lib(d3dx10d_43.dll)에 이미 정의되어 있습니다. 초 정의가 무시됩니다.
d3dx9.lib(d3dx9_43.dll) : warning LNK4221: 이 개체 파일은 이전에 정의되지 않은 공용 기호를 정의하지 않으므로 이 라이브러리를 사용하는 어떠한 링크 작업에도 사용되지 않습니다.
d3dx9.lib(d3dx9_43.dll) : warning LNK4006: D3DXVec2TransformNormal이(가) d3dx10d.lib(d3dx10d_43.dll)에 이미 정의되어 있습니다. 초 정의가 무시됩니다.
d3dx9.lib(d3dx9_43.dll) : warning LNK4006: __imp_D3DXVec2TransformNormal이(가) d3dx10d.lib(d3dx10d_43.dll)에 이미 정의되어 있습니다. 초 정의가 무시됩니다.
d3dx9.lib(d3dx9_43.dll) : warning LNK4221: 이 개체 파일은 이전에 정의되지 않은 공용 기호를 정의하지 않으므로 이 라이브러리를 사용하는 어떠한 링크 작업에도 사용되지 않습니다.
d3dx9.lib(d3dx9_43.dll) : warning LNK4006: D3DXVec2TransformCoordArray이(가) d3dx10d.lib(d3dx10d_43.dll)에 이미 정의되어 있습니다. 초 정의가 무시됩니다.
d3dx9.lib(d3dx9_43.dll) : warning LNK4006: __imp_D3DXVec2TransformCoordArray이(가) d3dx10d.lib(d3dx10d_43.dll)에 이미 정의되어 있습니다. 초 정의가 무시됩니다.
d3dx9.lib(d3dx9_43.dll) : warning LNK4221: 이 개체 파일은 이전에 정의되지 않은 공용 기호를 정의하지 않으므로 이 라이브러리를 사용하는 어떠한 링크 작업에도 사용되지 않습니다.
d3dx9.lib(d3dx9_43.dll) : warning LNK4006: D3DXVec2TransformCoord이(가) d3dx10d.lib(d3dx10d_43.dll)에 이미 정의되어 있습니다. 초 정의가 무시됩니다.
d3dx9.lib(d3dx9_43.dll) : warning LNK4006: __imp_D3DXVec2TransformCoord이(가) d3dx10d.lib(d3dx10d_43.dll)에 이미 정의되어 있습니다. 초 정의가 무시됩니다.
d3dx9.lib(d3dx9_43.dll) : warning LNK4221: 이 개체 파일은 이전에 정의되지 않은 공용 기호를 정의하지 않으므로 이 라이브러리를 사용하는 어떠한 링크 작업에도 사용되지 않습니다.
d3dx9.lib(d3dx9_43.dll) : warning LNK4006: D3DXVec2TransformArray이(가) d3dx10d.lib(d3dx10d_43.dll)에 이미 정의되어 있습니다. 초 정의가 무시됩니다.
d3dx9.lib(d3dx9_43.dll) : warning LNK4006: __imp_D3DXVec2TransformArray이(가) d3dx10d.lib(d3dx10d_43.dll)에 이미 정의되어 있습니다. 초 정의가 무시됩니다.
d3dx9.lib(d3dx9_43.dll) : warning LNK4221: 이 개체 파일은 이전에 정의되지 않은 공용 기호를 정의하지 않으므로 이 라이브러리를 사용하는 어떠한 링크 작업에도 사용되지 않습니다.
d3dx9.lib(d3dx9_43.dll) : warning LNK4006: D3DXVec2Transform이(가) d3dx10d.lib(d3dx10d_43.dll)에 이미 정의되어 있습니다. 초 정의가 무시됩니다.
d3dx9.lib(d3dx9_43.dll) : warning LNK4006: __imp_D3DXVec2Transform이(가) d3dx10d.lib(d3dx10d_43.dll)에 이미 정의되어 있습니다. 초 정의가 무시됩니다.
d3dx9.lib(d3dx9_43.dll) : warning LNK4221: 이 개체 파일은 이전에 정의되지 않은 공용 기호를 정의하지 않으므로 이 라이브러리를 사용하는 어떠한 링크 작업에도 사용되지 않습니다.
d3dx9.lib(d3dx9_43.dll) : warning LNK4006: D3DXVec2Normalize이(가) d3dx10d.lib(d3dx10d_43.dll)에 이미 정의되어 있습니다. 초 정의가 무시됩니다.
d3dx9.lib(d3dx9_43.dll) : warning LNK4006: __imp_D3DXVec2Normalize이(가) d3dx10d.lib(d3dx10d_43.dll)에 이미 정의되어 있습니다. 초 정의가 무시됩니다.
d3dx9.lib(d3dx9_43.dll) : warning LNK4221: 이 개체 파일은 이전에 정의되지 않은 공용 기호를 정의하지 않으므로 이 라이브러리를 사용하는 어떠한 링크 작업에도 사용되지 않습니다.
d3dx9.lib(d3dx9_43.dll) : warning LNK4006: D3DXVec2Hermite이(가) d3dx10d.lib(d3dx10d_43.dll)에 이미 정의되어 있습니다. 초 정의가 무시됩니다.
d3dx9.lib(d3dx9_43.dll) : warning LNK4006: __imp_D3DXVec2Hermite이(가) d3dx10d.lib(d3dx10d_43.dll)에 이미 정의되어 있습니다. 초 정의가 무시됩니다.
d3dx9.lib(d3dx9_43.dll) : warning LNK4221: 이 개체 파일은 이전에 정의되지 않은 공용 기호를 정의하지 않으므로 이 라이브러리를 사용하는 어떠한 링크 작업에도 사용되지 않습니다.
d3dx9.lib(d3dx9_43.dll) : warning LNK4006: D3DXVec2CatmullRom이(가) d3dx10d.lib(d3dx10d_43.dll)에 이미 정의되어 있습니다. 초 정의가 무시됩니다.
d3dx9.lib(d3dx9_43.dll) : warning LNK4006: __imp_D3DXVec2CatmullRom이(가) d3dx10d.lib(d3dx10d_43.dll)에 이미 정의되어 있습니다. 초 정의가 무시됩니다.
d3dx9.lib(d3dx9_43.dll) : warning LNK4221: 이 개체 파일은 이전에 정의되지 않은 공용 기호를 정의하지 않으므로 이 라이브러리를 사용하는 어떠한 링크 작업에도 사용되지 않습니다.
d3dx9.lib(d3dx9_43.dll) : warning LNK4006: D3DXVec2BaryCentric이(가) d3dx10d.lib(d3dx10d_43.dll)에 이미 정의되어 있습니다. 초 정의가 무시됩니다.
d3dx9.lib(d3dx9_43.dll) : warning LNK4006: __imp_D3DXVec2BaryCentric이(가) d3dx10d.lib(d3dx10d_43.dll)에 이미 정의되어 있습니다. 초 정의가 무시됩니다.
d3dx9.lib(d3dx9_43.dll) : warning LNK4221: 이 개체 파일은 이전에 정의되지 않은 공용 기호를 정의하지 않으므로 이 라이브러리를 사용하는 어떠한 링크 작업에도 사용되지 않습니다.
d3dx9.lib(d3dx9_43.dll) : warning LNK4006: D3DXSphereBoundProbe이(가) d3dx10d.lib(d3dx10d_43.dll)에 이미 정의되어 있습니다. 초 정의가 무시됩니다.
d3dx9.lib(d3dx9_43.dll) : warning LNK4006: __imp_D3DXSphereBoundProbe이(가) d3dx10d.lib(d3dx10d_43.dll)에 이미 정의되어 있습니다. 초 정의가 무시됩니다.
d3dx9.lib(d3dx9_43.dll) : warning LNK4221: 이 개체 파일은 이전에 정의되지 않은 공용 기호를 정의하지 않으므로 이 라이브러리를 사용하는 어떠한 링크 작업에도 사용되지 않습니다.
d3dx9.lib(d3dx9_43.dll) : warning LNK4006: D3DXSHScale이(가) d3dx10d.lib(d3dx10d_43.dll)에 이미 정의되어 있습니다. 초 정의가 무시됩니다.
d3dx9.lib(d3dx9_43.dll) : warning LNK4006: __imp_D3DXSHScale이(가) d3dx10d.lib(d3dx10d_43.dll)에 이미 정의되어 있습니다. 초 정의가 무시됩니다.
d3dx9.lib(d3dx9_43.dll) : warning LNK4221: 이 개체 파일은 이전에 정의되지 않은 공용 기호를 정의하지 않으므로 이 라이브러리를 사용하는 어떠한 링크 작업에도 사용되지 않습니다.
d3dx9.lib(d3dx9_43.dll) : warning LNK4006: D3DXSHRotateZ이(가) d3dx10d.lib(d3dx10d_43.dll)에 이미 정의되어 있습니다. 초 정의가 무시됩니다.
d3dx9.lib(d3dx9_43.dll) : warning LNK4006: __imp_D3DXSHRotateZ이(가) d3dx10d.lib(d3dx10d_43.dll)에 이미 정의되어 있습니다. 초 정의가 무시됩니다.
d3dx9.lib(d3dx9_43.dll) : warning LNK4221: 이 개체 파일은 이전에 정의되지 않은 공용 기호를 정의하지 않으므로 이 라이브러리를 사용하는 어떠한 링크 작업에도 사용되지 않습니다.
d3dx9.lib(d3dx9_43.dll) : warning LNK4006: D3DXSHRotate이(가) d3dx10d.lib(d3dx10d_43.dll)에 이미 정의되어 있습니다. 초 정의가 무시됩니다.
d3dx9.lib(d3dx9_43.dll) : warning LNK4006: __imp_D3DXSHRotate이(가) d3dx10d.lib(d3dx10d_43.dll)에 이미 정의되어 있습니다. 초 정의가 무시됩니다.
d3dx9.lib(d3dx9_43.dll) : warning LNK4221: 이 개체 파일은 이전에 정의되지 않은 공용 기호를 정의하지 않으므로 이 라이브러리를 사용하는 어떠한 링크 작업에도 사용되지 않습니다.
d3dx9.lib(d3dx9_43.dll) : warning LNK4006: D3DXSHMultiply6이(가) d3dx10d.lib(d3dx10d_43.dll)에 이미 정의되어 있습니다. 초 정의가 무시됩니다.
d3dx9.lib(d3dx9_43.dll) : warning LNK4006: __imp_D3DXSHMultiply6이(가) d3dx10d.lib(d3dx10d_43.dll)에 이미 정의되어 있습니다. 초 정의가 무시됩니다.
d3dx9.lib(d3dx9_43.dll) : warning LNK4221: 이 개체 파일은 이전에 정의되지 않은 공용 기호를 정의하지 않으므로 이 라이브러리를 사용하는 어떠한 링크 작업에도 사용되지 않습니다.
d3dx9.lib(d3dx9_43.dll) : warning LNK4006: D3DXSHMultiply5이(가) d3dx10d.lib(d3dx10d_43.dll)에 이미 정의되어 있습니다. 초 정의가 무시됩니다.
d3dx9.lib(d3dx9_43.dll) : warning LNK4006: __imp_D3DXSHMultiply5이(가) d3dx10d.lib(d3dx10d_43.dll)에 이미 정의되어 있습니다. 초 정의가 무시됩니다.
d3dx9.lib(d3dx9_43.dll) : warning LNK4221: 이 개체 파일은 이전에 정의되지 않은 공용 기호를 정의하지 않으므로 이 라이브러리를 사용하는 어떠한 링크 작업에도 사용되지 않습니다.
d3dx9.lib(d3dx9_43.dll) : warning LNK4006: D3DXSHMultiply4이(가) d3dx10d.lib(d3dx10d_43.dll)에 이미 정의되어 있습니다. 초 정의가 무시됩니다.
d3dx9.lib(d3dx9_43.dll) : warning LNK4006: __imp_D3DXSHMultiply4이(가) d3dx10d.lib(d3dx10d_43.dll)에 이미 정의되어 있습니다. 초 정의가 무시됩니다.
d3dx9.lib(d3dx9_43.dll) : warning LNK4221: 이 개체 파일은 이전에 정의되지 않은 공용 기호를 정의하지 않으므로 이 라이브러리를 사용하는 어떠한 링크 작업에도 사용되지 않습니다.
d3dx9.lib(d3dx9_43.dll) : warning LNK4006: D3DXSHMultiply3이(가) d3dx10d.lib(d3dx10d_43.dll)에 이미 정의되어 있습니다. 초 정의가 무시됩니다.
d3dx9.lib(d3dx9_43.dll) : warning LNK4006: __imp_D3DXSHMultiply3이(가) d3dx10d.lib(d3dx10d_43.dll)에 이미 정의되어 있습니다. 초 정의가 무시됩니다.
d3dx9.lib(d3dx9_43.dll) : warning LNK4221: 이 개체 파일은 이전에 정의되지 않은 공용 기호를 정의하지 않으므로 이 라이브러리를 사용하는 어떠한 링크 작업에도 사용되지 않습니다.
d3dx9.lib(d3dx9_43.dll) : warning LNK4006: D3DXSHMultiply2이(가) d3dx10d.lib(d3dx10d_43.dll)에 이미 정의되어 있습니다. 초 정의가 무시됩니다.
d3dx9.lib(d3dx9_43.dll) : warning LNK4006: __imp_D3DXSHMultiply2이(가) d3dx10d.lib(d3dx10d_43.dll)에 이미 정의되어 있습니다. 초 정의가 무시됩니다.
d3dx9.lib(d3dx9_43.dll) : warning LNK4221: 이 개체 파일은 이전에 정의되지 않은 공용 기호를 정의하지 않으므로 이 라이브러리를 사용하는 어떠한 링크 작업에도 사용되지 않습니다.
d3dx9.lib(d3dx9_43.dll) : warning LNK4006: D3DXSHEvalSphericalLight이(가) d3dx10d.lib(d3dx10d_43.dll)에 이미 정의되어 있습니다. 초 정의가 무시됩니다.
d3dx9.lib(d3dx9_43.dll) : warning LNK4006: __imp_D3DXSHEvalSphericalLight이(가) d3dx10d.lib(d3dx10d_43.dll)에 이미 정의되어 있습니다. 초 정의가 무시됩니다.
d3dx9.lib(d3dx9_43.dll) : warning LNK4221: 이 개체 파일은 이전에 정의되지 않은 공용 기호를 정의하지 않으므로 이 라이브러리를 사용하는 어떠한 링크 작업에도 사용되지 않습니다.
d3dx9.lib(d3dx9_43.dll) : warning LNK4006: D3DXSHEvalHemisphereLight이(가) d3dx10d.lib(d3dx10d_43.dll)에 이미 정의되어 있습니다. 초 정의가 무시됩니다.
d3dx9.lib(d3dx9_43.dll) : warning LNK4006: __imp_D3DXSHEvalHemisphereLight이(가) d3dx10d.lib(d3dx10d_43.dll)에 이미 정의되어 있습니다. 초 정의가 무시됩니다.
d3dx9.lib(d3dx9_43.dll) : warning LNK4221: 이 개체 파일은 이전에 정의되지 않은 공용 기호를 정의하지 않으므로 이 라이브러리를 사용하는 어떠한 링크 작업에도 사용되지 않습니다.
d3dx9.lib(d3dx9_43.dll) : warning LNK4006: D3DXSHEvalDirectionalLight이(가) d3dx10d.lib(d3dx10d_43.dll)에 이미 정의되어 있습니다. 초 정의가 무시됩니다.
d3dx9.lib(d3dx9_43.dll) : warning LNK4006: __imp_D3DXSHEvalDirectionalLight이(가) d3dx10d.lib(d3dx10d_43.dll)에 이미 정의되어 있습니다. 초 정의가 무시됩니다.
d3dx9.lib(d3dx9_43.dll) : warning LNK4221: 이 개체 파일은 이전에 정의되지 않은 공용 기호를 정의하지 않으므로 이 라이브러리를 사용하는 어떠한 링크 작업에도 사용되지 않습니다.
d3dx9.lib(d3dx9_43.dll) : warning LNK4006: D3DXSHEvalDirection이(가) d3dx10d.lib(d3dx10d_43.dll)에 이미 정의되어 있습니다. 초 정의가 무시됩니다.
d3dx9.lib(d3dx9_43.dll) : warning LNK4006: __imp_D3DXSHEvalDirection이(가) d3dx10d.lib(d3dx10d_43.dll)에 이미 정의되어 있습니다. 초 정의가 무시됩니다.
d3dx9.lib(d3dx9_43.dll) : warning LNK4221: 이 개체 파일은 이전에 정의되지 않은 공용 기호를 정의하지 않으므로 이 라이브러리를 사용하는 어떠한 링크 작업에도 사용되지 않습니다.
d3dx9.lib(d3dx9_43.dll) : warning LNK4006: D3DXSHEvalConeLight이(가) d3dx10d.lib(d3dx10d_43.dll)에 이미 정의되어 있습니다. 초 정의가 무시됩니다.
d3dx9.lib(d3dx9_43.dll) : warning LNK4006: __imp_D3DXSHEvalConeLight이(가) d3dx10d.lib(d3dx10d_43.dll)에 이미 정의되어 있습니다. 초 정의가 무시됩니다.
d3dx9.lib(d3dx9_43.dll) : warning LNK4221: 이 개체 파일은 이전에 정의되지 않은 공용 기호를 정의하지 않으므로 이 라이브러리를 사용하는 어떠한 링크 작업에도 사용되지 않습니다.
d3dx9.lib(d3dx9_43.dll) : warning LNK4006: D3DXSHDot이(가) d3dx10d.lib(d3dx10d_43.dll)에 이미 정의되어 있습니다. 초 정의가 무시됩니다.
d3dx9.lib(d3dx9_43.dll) : warning LNK4006: __imp_D3DXSHDot이(가) d3dx10d.lib(d3dx10d_43.dll)에 이미 정의되어 있습니다. 초 정의가 무시됩니다.
d3dx9.lib(d3dx9_43.dll) : warning LNK4221: 이 개체 파일은 이전에 정의되지 않은 공용 기호를 정의하지 않으므로 이 라이브러리를 사용하는 어떠한 링크 작업에도 사용되지 않습니다.
d3dx9.lib(d3dx9_43.dll) : warning LNK4006: D3DXSHAdd이(가) d3dx10d.lib(d3dx10d_43.dll)에 이미 정의되어 있습니다. 초 정의가 무시됩니다.
d3dx9.lib(d3dx9_43.dll) : warning LNK4006: __imp_D3DXSHAdd이(가) d3dx10d.lib(d3dx10d_43.dll)에 이미 정의되어 있습니다. 초 정의가 무시됩니다.
d3dx9.lib(d3dx9_43.dll) : warning LNK4221: 이 개체 파일은 이전에 정의되지 않은 공용 기호를 정의하지 않으므로 이 라이브러리를 사용하는 어떠한 링크 작업에도 사용되지 않습니다.
d3dx9.lib(d3dx9_43.dll) : warning LNK4006: D3DXQuaternionToAxisAngle이(가) d3dx10d.lib(d3dx10d_43.dll)에 이미 정의되어 있습니다. 초 정의가 무시됩니다.
d3dx9.lib(d3dx9_43.dll) : warning LNK4006: __imp_D3DXQuaternionToAxisAngle이(가) d3dx10d.lib(d3dx10d_43.dll)에 이미 정의되어 있습니다. 초 정의가 무시됩니다.
d3dx9.lib(d3dx9_43.dll) : warning LNK4221: 이 개체 파일은 이전에 정의되지 않은 공용 기호를 정의하지 않으므로 이 라이브러리를 사용하는 어떠한 링크 작업에도 사용되지 않습니다.
d3dx9.lib(d3dx9_43.dll) : warning LNK4006: D3DXQuaternionSquadSetup이(가) d3dx10d.lib(d3dx10d_43.dll)에 이미 정의되어 있습니다. 초 정의가 무시됩니다.
d3dx9.lib(d3dx9_43.dll) : warning LNK4006: __imp_D3DXQuaternionSquadSetup이(가) d3dx10d.lib(d3dx10d_43.dll)에 이미 정의되어 있습니다. 초 정의가 무시됩니다.
d3dx9.lib(d3dx9_43.dll) : warning LNK4221: 이 개체 파일은 이전에 정의되지 않은 공용 기호를 정의하지 않으므로 이 라이브러리를 사용하는 어떠한 링크 작업에도 사용되지 않습니다.
d3dx9.lib(d3dx9_43.dll) : warning LNK4006: D3DXQuaternionSquad이(가) d3dx10d.lib(d3dx10d_43.dll)에 이미 정의되어 있습니다. 초 정의가 무시됩니다.
d3dx9.lib(d3dx9_43.dll) : warning LNK4006: __imp_D3DXQuaternionSquad이(가) d3dx10d.lib(d3dx10d_43.dll)에 이미 정의되어 있습니다. 초 정의가 무시됩니다.
d3dx9.lib(d3dx9_43.dll) : warning LNK4221: 이 개체 파일은 이전에 정의되지 않은 공용 기호를 정의하지 않으므로 이 라이브러리를 사용하는 어떠한 링크 작업에도 사용되지 않습니다.
d3dx9.lib(d3dx9_43.dll) : warning LNK4006: D3DXQuaternionSlerp이(가) d3dx10d.lib(d3dx10d_43.dll)에 이미 정의되어 있습니다. 초 정의가 무시됩니다.
d3dx9.lib(d3dx9_43.dll) : warning LNK4006: __imp_D3DXQuaternionSlerp이(가) d3dx10d.lib(d3dx10d_43.dll)에 이미 정의되어 있습니다. 초 정의가 무시됩니다.
d3dx9.lib(d3dx9_43.dll) : warning LNK4221: 이 개체 파일은 이전에 정의되지 않은 공용 기호를 정의하지 않으므로 이 라이브러리를 사용하는 어떠한 링크 작업에도 사용되지 않습니다.
d3dx9.lib(d3dx9_43.dll) : warning LNK4006: D3DXQuaternionRotationYawPitchRoll이(가) d3dx10d.lib(d3dx10d_43.dll)에 이미 정의되어 있습니다. 초 정의가 무시됩니다.
d3dx9.lib(d3dx9_43.dll) : warning LNK4006: __imp_D3DXQuaternionRotationYawPitchRoll이(가) d3dx10d.lib(d3dx10d_43.dll)에 이미 정의되어 있습니다. 초 정의가 무시됩니다.
d3dx9.lib(d3dx9_43.dll) : warning LNK4221: 이 개체 파일은 이전에 정의되지 않은 공용 기호를 정의하지 않으므로 이 라이브러리를 사용하는 어떠한 링크 작업에도 사용되지 않습니다.
d3dx9.lib(d3dx9_43.dll) : warning LNK4006: D3DXQuaternionRotationMatrix이(가) d3dx10d.lib(d3dx10d_43.dll)에 이미 정의되어 있습니다. 초 정의가 무시됩니다.
d3dx9.lib(d3dx9_43.dll) : warning LNK4006: __imp_D3DXQuaternionRotationMatrix이(가) d3dx10d.lib(d3dx10d_43.dll)에 이미 정의되어 있습니다. 초 정의가 무시됩니다.
d3dx9.lib(d3dx9_43.dll) : warning LNK4221: 이 개체 파일은 이전에 정의되지 않은 공용 기호를 정의하지 않으므로 이 라이브러리를 사용하는 어떠한 링크 작업에도 사용되지 않습니다.
d3dx9.lib(d3dx9_43.dll) : warning LNK4006: D3DXQuaternionRotationAxis이(가) d3dx10d.lib(d3dx10d_43.dll)에 이미 정의되어 있습니다. 초 정의가 무시됩니다.
d3dx9.lib(d3dx9_43.dll) : warning LNK4006: __imp_D3DXQuaternionRotationAxis이(가) d3dx10d.lib(d3dx10d_43.dll)에 이미 정의되어 있습니다. 초 정의가 무시됩니다.
d3dx9.lib(d3dx9_43.dll) : warning LNK4221: 이 개체 파일은 이전에 정의되지 않은 공용 기호를 정의하지 않으므로 이 라이브러리를 사용하는 어떠한 링크 작업에도 사용되지 않습니다.
d3dx9.lib(d3dx9_43.dll) : warning LNK4006: D3DXQuaternionNormalize이(가) d3dx10d.lib(d3dx10d_43.dll)에 이미 정의되어 있습니다. 초 정의가 무시됩니다.
d3dx9.lib(d3dx9_43.dll) : warning LNK4006: __imp_D3DXQuaternionNormalize이(가) d3dx10d.lib(d3dx10d_43.dll)에 이미 정의되어 있습니다. 초 정의가 무시됩니다.
d3dx9.lib(d3dx9_43.dll) : warning LNK4221: 이 개체 파일은 이전에 정의되지 않은 공용 기호를 정의하지 않으므로 이 라이브러리를 사용하는 어떠한 링크 작업에도 사용되지 않습니다.
d3dx9.lib(d3dx9_43.dll) : warning LNK4006: D3DXQuaternionMultiply이(가) d3dx10d.lib(d3dx10d_43.dll)에 이미 정의되어 있습니다. 초 정의가 무시됩니다.
d3dx9.lib(d3dx9_43.dll) : warning LNK4006: __imp_D3DXQuaternionMultiply이(가) d3dx10d.lib(d3dx10d_43.dll)에 이미 정의되어 있습니다. 초 정의가 무시됩니다.
d3dx9.lib(d3dx9_43.dll) : warning LNK4221: 이 개체 파일은 이전에 정의되지 않은 공용 기호를 정의하지 않으므로 이 라이브러리를 사용하는 어떠한 링크 작업에도 사용되지 않습니다.
d3dx9.lib(d3dx9_43.dll) : warning LNK4006: D3DXQuaternionLn이(가) d3dx10d.lib(d3dx10d_43.dll)에 이미 정의되어 있습니다. 초 정의가 무시됩니다.
d3dx9.lib(d3dx9_43.dll) : warning LNK4006: __imp_D3DXQuaternionLn이(가) d3dx10d.lib(d3dx10d_43.dll)에 이미 정의되어 있습니다. 초 정의가 무시됩니다.
d3dx9.lib(d3dx9_43.dll) : warning LNK4221: 이 개체 파일은 이전에 정의되지 않은 공용 기호를 정의하지 않으므로 이 라이브러리를 사용하는 어떠한 링크 작업에도 사용되지 않습니다.
d3dx9.lib(d3dx9_43.dll) : warning LNK4006: D3DXQuaternionInverse이(가) d3dx10d.lib(d3dx10d_43.dll)에 이미 정의되어 있습니다. 초 정의가 무시됩니다.
d3dx9.lib(d3dx9_43.dll) : warning LNK4006: __imp_D3DXQuaternionInverse이(가) d3dx10d.lib(d3dx10d_43.dll)에 이미 정의되어 있습니다. 초 정의가 무시됩니다.
d3dx9.lib(d3dx9_43.dll) : warning LNK4221: 이 개체 파일은 이전에 정의되지 않은 공용 기호를 정의하지 않으므로 이 라이브러리를 사용하는 어떠한 링크 작업에도 사용되지 않습니다.
d3dx9.lib(d3dx9_43.dll) : warning LNK4006: D3DXQuaternionExp이(가) d3dx10d.lib(d3dx10d_43.dll)에 이미 정의되어 있습니다. 초 정의가 무시됩니다.
d3dx9.lib(d3dx9_43.dll) : warning LNK4006: __imp_D3DXQuaternionExp이(가) d3dx10d.lib(d3dx10d_43.dll)에 이미 정의되어 있습니다. 초 정의가 무시됩니다.
d3dx9.lib(d3dx9_43.dll) : warning LNK4221: 이 개체 파일은 이전에 정의되지 않은 공용 기호를 정의하지 않으므로 이 라이브러리를 사용하는 어떠한 링크 작업에도 사용되지 않습니다.
d3dx9.lib(d3dx9_43.dll) : warning LNK4006: D3DXQuaternionBaryCentric이(가) d3dx10d.lib(d3dx10d_43.dll)에 이미 정의되어 있습니다. 초 정의가 무시됩니다.
d3dx9.lib(d3dx9_43.dll) : warning LNK4006: __imp_D3DXQuaternionBaryCentric이(가) d3dx10d.lib(d3dx10d_43.dll)에 이미 정의되어 있습니다. 초 정의가 무시됩니다.
d3dx9.lib(d3dx9_43.dll) : warning LNK4221: 이 개체 파일은 이전에 정의되지 않은 공용 기호를 정의하지 않으므로 이 라이브러리를 사용하는 어떠한 링크 작업에도 사용되지 않습니다.
d3dx9.lib(d3dx9_43.dll) : warning LNK4006: D3DXPlaneTransformArray이(가) d3dx10d.lib(d3dx10d_43.dll)에 이미 정의되어 있습니다. 초 정의가 무시됩니다.
d3dx9.lib(d3dx9_43.dll) : warning LNK4006: __imp_D3DXPlaneTransformArray이(가) d3dx10d.lib(d3dx10d_43.dll)에 이미 정의되어 있습니다. 초 정의가 무시됩니다.
d3dx9.lib(d3dx9_43.dll) : warning LNK4221: 이 개체 파일은 이전에 정의되지 않은 공용 기호를 정의하지 않으므로 이 라이브러리를 사용하는 어떠한 링크 작업에도 사용되지 않습니다.
d3dx9.lib(d3dx9_43.dll) : warning LNK4006: D3DXPlaneTransform이(가) d3dx10d.lib(d3dx10d_43.dll)에 이미 정의되어 있습니다. 초 정의가 무시됩니다.
d3dx9.lib(d3dx9_43.dll) : warning LNK4006: __imp_D3DXPlaneTransform이(가) d3dx10d.lib(d3dx10d_43.dll)에 이미 정의되어 있습니다. 초 정의가 무시됩니다.
d3dx9.lib(d3dx9_43.dll) : warning LNK4221: 이 개체 파일은 이전에 정의되지 않은 공용 기호를 정의하지 않으므로 이 라이브러리를 사용하는 어떠한 링크 작업에도 사용되지 않습니다.
d3dx9.lib(d3dx9_43.dll) : warning LNK4006: D3DXPlaneNormalize이(가) d3dx10d.lib(d3dx10d_43.dll)에 이미 정의되어 있습니다. 초 정의가 무시됩니다.
d3dx9.lib(d3dx9_43.dll) : warning LNK4006: __imp_D3DXPlaneNormalize이(가) d3dx10d.lib(d3dx10d_43.dll)에 이미 정의되어 있습니다. 초 정의가 무시됩니다.
d3dx9.lib(d3dx9_43.dll) : warning LNK4221: 이 개체 파일은 이전에 정의되지 않은 공용 기호를 정의하지 않으므로 이 라이브러리를 사용하는 어떠한 링크 작업에도 사용되지 않습니다.
d3dx9.lib(d3dx9_43.dll) : warning LNK4006: D3DXPlaneIntersectLine이(가) d3dx10d.lib(d3dx10d_43.dll)에 이미 정의되어 있습니다. 초 정의가 무시됩니다.
d3dx9.lib(d3dx9_43.dll) : warning LNK4006: __imp_D3DXPlaneIntersectLine이(가) d3dx10d.lib(d3dx10d_43.dll)에 이미 정의되어 있습니다. 초 정의가 무시됩니다.
d3dx9.lib(d3dx9_43.dll) : warning LNK4221: 이 개체 파일은 이전에 정의되지 않은 공용 기호를 정의하지 않으므로 이 라이브러리를 사용하는 어떠한 링크 작업에도 사용되지 않습니다.
d3dx9.lib(d3dx9_43.dll) : warning LNK4006: D3DXPlaneFromPoints이(가) d3dx10d.lib(d3dx10d_43.dll)에 이미 정의되어 있습니다. 초 정의가 무시됩니다.
d3dx9.lib(d3dx9_43.dll) : warning LNK4006: __imp_D3DXPlaneFromPoints이(가) d3dx10d.lib(d3dx10d_43.dll)에 이미 정의되어 있습니다. 초 정의가 무시됩니다.
d3dx9.lib(d3dx9_43.dll) : warning LNK4221: 이 개체 파일은 이전에 정의되지 않은 공용 기호를 정의하지 않으므로 이 라이브러리를 사용하는 어떠한 링크 작업에도 사용되지 않습니다.
d3dx9.lib(d3dx9_43.dll) : warning LNK4006: D3DXPlaneFromPointNormal이(가) d3dx10d.lib(d3dx10d_43.dll)에 이미 정의되어 있습니다. 초 정의가 무시됩니다.
d3dx9.lib(d3dx9_43.dll) : warning LNK4006: __imp_D3DXPlaneFromPointNormal이(가) d3dx10d.lib(d3dx10d_43.dll)에 이미 정의되어 있습니다. 초 정의가 무시됩니다.
d3dx9.lib(d3dx9_43.dll) : warning LNK4221: 이 개체 파일은 이전에 정의되지 않은 공용 기호를 정의하지 않으므로 이 라이브러리를 사용하는 어떠한 링크 작업에도 사용되지 않습니다.
d3dx9.lib(d3dx9_43.dll) : warning LNK4006: D3DXMatrixTranspose이(가) d3dx10d.lib(d3dx10d_43.dll)에 이미 정의되어 있습니다. 초 정의가 무시됩니다.
d3dx9.lib(d3dx9_43.dll) : warning LNK4006: __imp_D3DXMatrixTranspose이(가) d3dx10d.lib(d3dx10d_43.dll)에 이미 정의되어 있습니다. 초 정의가 무시됩니다.
d3dx9.lib(d3dx9_43.dll) : warning LNK4221: 이 개체 파일은 이전에 정의되지 않은 공용 기호를 정의하지 않으므로 이 라이브러리를 사용하는 어떠한 링크 작업에도 사용되지 않습니다.
d3dx9.lib(d3dx9_43.dll) : warning LNK4006: D3DXMatrixTranslation이(가) d3dx10d.lib(d3dx10d_43.dll)에 이미 정의되어 있습니다. 초 정의가 무시됩니다.
d3dx9.lib(d3dx9_43.dll) : warning LNK4006: __imp_D3DXMatrixTranslation이(가) d3dx10d.lib(d3dx10d_43.dll)에 이미 정의되어 있습니다. 초 정의가 무시됩니다.
d3dx9.lib(d3dx9_43.dll) : warning LNK4221: 이 개체 파일은 이전에 정의되지 않은 공용 기호를 정의하지 않으므로 이 라이브러리를 사용하는 어떠한 링크 작업에도 사용되지 않습니다.
d3dx9.lib(d3dx9_43.dll) : warning LNK4006: D3DXMatrixTransformation2D이(가) d3dx10d.lib(d3dx10d_43.dll)에 이미 정의되어 있습니다. 초 정의가 무시됩니다.
d3dx9.lib(d3dx9_43.dll) : warning LNK4006: __imp_D3DXMatrixTransformation2D이(가) d3dx10d.lib(d3dx10d_43.dll)에 이미 정의되어 있습니다. 초 정의가 무시됩니다.
d3dx9.lib(d3dx9_43.dll) : warning LNK4221: 이 개체 파일은 이전에 정의되지 않은 공용 기호를 정의하지 않으므로 이 라이브러리를 사용하는 어떠한 링크 작업에도 사용되지 않습니다.
d3dx9.lib(d3dx9_43.dll) : warning LNK4006: D3DXMatrixTransformation이(가) d3dx10d.lib(d3dx10d_43.dll)에 이미 정의되어 있습니다. 초 정의가 무시됩니다.
d3dx9.lib(d3dx9_43.dll) : warning LNK4006: __imp_D3DXMatrixTransformation이(가) d3dx10d.lib(d3dx10d_43.dll)에 이미 정의되어 있습니다. 초 정의가 무시됩니다.
d3dx9.lib(d3dx9_43.dll) : warning LNK4221: 이 개체 파일은 이전에 정의되지 않은 공용 기호를 정의하지 않으므로 이 라이브러리를 사용하는 어떠한 링크 작업에도 사용되지 않습니다.
d3dx9.lib(d3dx9_43.dll) : warning LNK4006: D3DXMatrixShadow이(가) d3dx10d.lib(d3dx10d_43.dll)에 이미 정의되어 있습니다. 초 정의가 무시됩니다.
d3dx9.lib(d3dx9_43.dll) : warning LNK4006: __imp_D3DXMatrixShadow이(가) d3dx10d.lib(d3dx10d_43.dll)에 이미 정의되어 있습니다. 초 정의가 무시됩니다.
d3dx9.lib(d3dx9_43.dll) : warning LNK4221: 이 개체 파일은 이전에 정의되지 않은 공용 기호를 정의하지 않으므로 이 라이브러리를 사용하는 어떠한 링크 작업에도 사용되지 않습니다.
d3dx9.lib(d3dx9_43.dll) : warning LNK4006: D3DXMatrixScaling이(가) d3dx10d.lib(d3dx10d_43.dll)에 이미 정의되어 있습니다. 초 정의가 무시됩니다.
d3dx9.lib(d3dx9_43.dll) : warning LNK4006: __imp_D3DXMatrixScaling이(가) d3dx10d.lib(d3dx10d_43.dll)에 이미 정의되어 있습니다. 초 정의가 무시됩니다.
d3dx9.lib(d3dx9_43.dll) : warning LNK4221: 이 개체 파일은 이전에 정의되지 않은 공용 기호를 정의하지 않으므로 이 라이브러리를 사용하는 어떠한 링크 작업에도 사용되지 않습니다.
d3dx9.lib(d3dx9_43.dll) : warning LNK4006: D3DXMatrixRotationZ이(가) d3dx10d.lib(d3dx10d_43.dll)에 이미 정의되어 있습니다. 초 정의가 무시됩니다.
d3dx9.lib(d3dx9_43.dll) : warning LNK4006: __imp_D3DXMatrixRotationZ이(가) d3dx10d.lib(d3dx10d_43.dll)에 이미 정의되어 있습니다. 초 정의가 무시됩니다.
d3dx9.lib(d3dx9_43.dll) : warning LNK4221: 이 개체 파일은 이전에 정의되지 않은 공용 기호를 정의하지 않으므로 이 라이브러리를 사용하는 어떠한 링크 작업에도 사용되지 않습니다.
d3dx9.lib(d3dx9_43.dll) : warning LNK4006: D3DXMatrixRotationYawPitchRoll이(가) d3dx10d.lib(d3dx10d_43.dll)에 이미 정의되어 있습니다. 초 정의가 무시됩니다.
d3dx9.lib(d3dx9_43.dll) : warning LNK4006: __imp_D3DXMatrixRotationYawPitchRoll이(가) d3dx10d.lib(d3dx10d_43.dll)에 이미 정의되어 있습니다. 초 정의가 무시됩니다.
d3dx9.lib(d3dx9_43.dll) : warning LNK4221: 이 개체 파일은 이전에 정의되지 않은 공용 기호를 정의하지 않으므로 이 라이브러리를 사용하는 어떠한 링크 작업에도 사용되지 않습니다.
d3dx9.lib(d3dx9_43.dll) : warning LNK4006: D3DXMatrixRotationY이(가) d3dx10d.lib(d3dx10d_43.dll)에 이미 정의되어 있습니다. 초 정의가 무시됩니다.
d3dx9.lib(d3dx9_43.dll) : warning LNK4006: __imp_D3DXMatrixRotationY이(가) d3dx10d.lib(d3dx10d_43.dll)에 이미 정의되어 있습니다. 초 정의가 무시됩니다.
d3dx9.lib(d3dx9_43.dll) : warning LNK4221: 이 개체 파일은 이전에 정의되지 않은 공용 기호를 정의하지 않으므로 이 라이브러리를 사용하는 어떠한 링크 작업에도 사용되지 않습니다.
d3dx9.lib(d3dx9_43.dll) : warning LNK4006: D3DXMatrixRotationX이(가) d3dx10d.lib(d3dx10d_43.dll)에 이미 정의되어 있습니다. 초 정의가 무시됩니다.
d3dx9.lib(d3dx9_43.dll) : warning LNK4006: __imp_D3DXMatrixRotationX이(가) d3dx10d.lib(d3dx10d_43.dll)에 이미 정의되어 있습니다. 초 정의가 무시됩니다.
d3dx9.lib(d3dx9_43.dll) : warning LNK4221: 이 개체 파일은 이전에 정의되지 않은 공용 기호를 정의하지 않으므로 이 라이브러리를 사용하는 어떠한 링크 작업에도 사용되지 않습니다.
d3dx9.lib(d3dx9_43.dll) : warning LNK4006: D3DXMatrixRotationQuaternion이(가) d3dx10d.lib(d3dx10d_43.dll)에 이미 정의되어 있습니다. 초 정의가 무시됩니다.
d3dx9.lib(d3dx9_43.dll) : warning LNK4006: __imp_D3DXMatrixRotationQuaternion이(가) d3dx10d.lib(d3dx10d_43.dll)에 이미 정의되어 있습니다. 초 정의가 무시됩니다.
d3dx9.lib(d3dx9_43.dll) : warning LNK4221: 이 개체 파일은 이전에 정의되지 않은 공용 기호를 정의하지 않으므로 이 라이브러리를 사용하는 어떠한 링크 작업에도 사용되지 않습니다.
d3dx9.lib(d3dx9_43.dll) : warning LNK4006: D3DXMatrixRotationAxis이(가) d3dx10d.lib(d3dx10d_43.dll)에 이미 정의되어 있습니다. 초 정의가 무시됩니다.
d3dx9.lib(d3dx9_43.dll) : warning LNK4006: __imp_D3DXMatrixRotationAxis이(가) d3dx10d.lib(d3dx10d_43.dll)에 이미 정의되어 있습니다. 초 정의가 무시됩니다.
d3dx9.lib(d3dx9_43.dll) : warning LNK4221: 이 개체 파일은 이전에 정의되지 않은 공용 기호를 정의하지 않으므로 이 라이브러리를 사용하는 어떠한 링크 작업에도 사용되지 않습니다.
d3dx9.lib(d3dx9_43.dll) : warning LNK4006: D3DXMatrixReflect이(가) d3dx10d.lib(d3dx10d_43.dll)에 이미 정의되어 있습니다. 초 정의가 무시됩니다.
d3dx9.lib(d3dx9_43.dll) : warning LNK4006: __imp_D3DXMatrixReflect이(가) d3dx10d.lib(d3dx10d_43.dll)에 이미 정의되어 있습니다. 초 정의가 무시됩니다.
d3dx9.lib(d3dx9_43.dll) : warning LNK4221: 이 개체 파일은 이전에 정의되지 않은 공용 기호를 정의하지 않으므로 이 라이브러리를 사용하는 어떠한 링크 작업에도 사용되지 않습니다.
d3dx9.lib(d3dx9_43.dll) : warning LNK4006: D3DXMatrixPerspectiveRH이(가) d3dx10d.lib(d3dx10d_43.dll)에 이미 정의되어 있습니다. 초 정의가 무시됩니다.
d3dx9.lib(d3dx9_43.dll) : warning LNK4006: __imp_D3DXMatrixPerspectiveRH이(가) d3dx10d.lib(d3dx10d_43.dll)에 이미 정의되어 있습니다. 초 정의가 무시됩니다.
d3dx9.lib(d3dx9_43.dll) : warning LNK4221: 이 개체 파일은 이전에 정의되지 않은 공용 기호를 정의하지 않으므로 이 라이브러리를 사용하는 어떠한 링크 작업에도 사용되지 않습니다.
d3dx9.lib(d3dx9_43.dll) : warning LNK4006: D3DXMatrixPerspectiveOffCenterRH이(가) d3dx10d.lib(d3dx10d_43.dll)에 이미 정의되어 있습니다. 초 정의가 무시됩니다.
d3dx9.lib(d3dx9_43.dll) : warning LNK4006: __imp_D3DXMatrixPerspectiveOffCenterRH이(가) d3dx10d.lib(d3dx10d_43.dll)에 이미 정의되어 있습니다. 초 정의가 무시됩니다.
d3dx9.lib(d3dx9_43.dll) : warning LNK4221: 이 개체 파일은 이전에 정의되지 않은 공용 기호를 정의하지 않으므로 이 라이브러리를 사용하는 어떠한 링크 작업에도 사용되지 않습니다.
d3dx9.lib(d3dx9_43.dll) : warning LNK4006: D3DXMatrixPerspectiveOffCenterLH이(가) d3dx10d.lib(d3dx10d_43.dll)에 이미 정의되어 있습니다. 초 정의가 무시됩니다.
d3dx9.lib(d3dx9_43.dll) : warning LNK4006: __imp_D3DXMatrixPerspectiveOffCenterLH이(가) d3dx10d.lib(d3dx10d_43.dll)에 이미 정의되어 있습니다. 초 정의가 무시됩니다.
d3dx9.lib(d3dx9_43.dll) : warning LNK4221: 이 개체 파일은 이전에 정의되지 않은 공용 기호를 정의하지 않으므로 이 라이브러리를 사용하는 어떠한 링크 작업에도 사용되지 않습니다.
d3dx9.lib(d3dx9_43.dll) : warning LNK4006: D3DXMatrixPerspectiveLH이(가) d3dx10d.lib(d3dx10d_43.dll)에 이미 정의되어 있습니다. 초 정의가 무시됩니다.
d3dx9.lib(d3dx9_43.dll) : warning LNK4006: __imp_D3DXMatrixPerspectiveLH이(가) d3dx10d.lib(d3dx10d_43.dll)에 이미 정의되어 있습니다. 초 정의가 무시됩니다.
d3dx9.lib(d3dx9_43.dll) : warning LNK4221: 이 개체 파일은 이전에 정의되지 않은 공용 기호를 정의하지 않으므로 이 라이브러리를 사용하는 어떠한 링크 작업에도 사용되지 않습니다.
d3dx9.lib(d3dx9_43.dll) : warning LNK4006: D3DXMatrixPerspectiveFovRH이(가) d3dx10d.lib(d3dx10d_43.dll)에 이미 정의되어 있습니다. 초 정의가 무시됩니다.
d3dx9.lib(d3dx9_43.dll) : warning LNK4006: __imp_D3DXMatrixPerspectiveFovRH이(가) d3dx10d.lib(d3dx10d_43.dll)에 이미 정의되어 있습니다. 초 정의가 무시됩니다.
d3dx9.lib(d3dx9_43.dll) : warning LNK4221: 이 개체 파일은 이전에 정의되지 않은 공용 기호를 정의하지 않으므로 이 라이브러리를 사용하는 어떠한 링크 작업에도 사용되지 않습니다.
d3dx9.lib(d3dx9_43.dll) : warning LNK4006: D3DXMatrixPerspectiveFovLH이(가) d3dx10d.lib(d3dx10d_43.dll)에 이미 정의되어 있습니다. 초 정의가 무시됩니다.
d3dx9.lib(d3dx9_43.dll) : warning LNK4006: __imp_D3DXMatrixPerspectiveFovLH이(가) d3dx10d.lib(d3dx10d_43.dll)에 이미 정의되어 있습니다. 초 정의가 무시됩니다.
d3dx9.lib(d3dx9_43.dll) : warning LNK4221: 이 개체 파일은 이전에 정의되지 않은 공용 기호를 정의하지 않으므로 이 라이브러리를 사용하는 어떠한 링크 작업에도 사용되지 않습니다.
d3dx9.lib(d3dx9_43.dll) : warning LNK4006: D3DXMatrixOrthoRH이(가) d3dx10d.lib(d3dx10d_43.dll)에 이미 정의되어 있습니다. 초 정의가 무시됩니다.
d3dx9.lib(d3dx9_43.dll) : warning LNK4006: __imp_D3DXMatrixOrthoRH이(가) d3dx10d.lib(d3dx10d_43.dll)에 이미 정의되어 있습니다. 초 정의가 무시됩니다.
d3dx9.lib(d3dx9_43.dll) : warning LNK4221: 이 개체 파일은 이전에 정의되지 않은 공용 기호를 정의하지 않으므로 이 라이브러리를 사용하는 어떠한 링크 작업에도 사용되지 않습니다.
d3dx9.lib(d3dx9_43.dll) : warning LNK4006: D3DXMatrixOrthoOffCenterRH이(가) d3dx10d.lib(d3dx10d_43.dll)에 이미 정의되어 있습니다. 초 정의가 무시됩니다.
d3dx9.lib(d3dx9_43.dll) : warning LNK4006: __imp_D3DXMatrixOrthoOffCenterRH이(가) d3dx10d.lib(d3dx10d_43.dll)에 이미 정의되어 있습니다. 초 정의가 무시됩니다.
d3dx9.lib(d3dx9_43.dll) : warning LNK4221: 이 개체 파일은 이전에 정의되지 않은 공용 기호를 정의하지 않으므로 이 라이브러리를 사용하는 어떠한 링크 작업에도 사용되지 않습니다.
d3dx9.lib(d3dx9_43.dll) : warning LNK4006: D3DXMatrixOrthoOffCenterLH이(가) d3dx10d.lib(d3dx10d_43.dll)에 이미 정의되어 있습니다. 초 정의가 무시됩니다.
d3dx9.lib(d3dx9_43.dll) : warning LNK4006: __imp_D3DXMatrixOrthoOffCenterLH이(가) d3dx10d.lib(d3dx10d_43.dll)에 이미 정의되어 있습니다. 초 정의가 무시됩니다.
d3dx9.lib(d3dx9_43.dll) : warning LNK4221: 이 개체 파일은 이전에 정의되지 않은 공용 기호를 정의하지 않으므로 이 라이브러리를 사용하는 어떠한 링크 작업에도 사용되지 않습니다.
d3dx9.lib(d3dx9_43.dll) : warning LNK4006: D3DXMatrixOrthoLH이(가) d3dx10d.lib(d3dx10d_43.dll)에 이미 정의되어 있습니다. 초 정의가 무시됩니다.
d3dx9.lib(d3dx9_43.dll) : warning LNK4006: __imp_D3DXMatrixOrthoLH이(가) d3dx10d.lib(d3dx10d_43.dll)에 이미 정의되어 있습니다. 초 정의가 무시됩니다.
d3dx9.lib(d3dx9_43.dll) : warning LNK4221: 이 개체 파일은 이전에 정의되지 않은 공용 기호를 정의하지 않으므로 이 라이브러리를 사용하는 어떠한 링크 작업에도 사용되지 않습니다.
d3dx9.lib(d3dx9_43.dll) : warning LNK4006: D3DXMatrixMultiplyTranspose이(가) d3dx10d.lib(d3dx10d_43.dll)에 이미 정의되어 있습니다. 초 정의가 무시됩니다.
d3dx9.lib(d3dx9_43.dll) : warning LNK4006: __imp_D3DXMatrixMultiplyTranspose이(가) d3dx10d.lib(d3dx10d_43.dll)에 이미 정의되어 있습니다. 초 정의가 무시됩니다.
d3dx9.lib(d3dx9_43.dll) : warning LNK4221: 이 개체 파일은 이전에 정의되지 않은 공용 기호를 정의하지 않으므로 이 라이브러리를 사용하는 어떠한 링크 작업에도 사용되지 않습니다.
d3dx9.lib(d3dx9_43.dll) : warning LNK4006: D3DXMatrixMultiply이(가) d3dx10d.lib(d3dx10d_43.dll)에 이미 정의되어 있습니다. 초 정의가 무시됩니다.
d3dx9.lib(d3dx9_43.dll) : warning LNK4006: __imp_D3DXMatrixMultiply이(가) d3dx10d.lib(d3dx10d_43.dll)에 이미 정의되어 있습니다. 초 정의가 무시됩니다.
d3dx9.lib(d3dx9_43.dll) : warning LNK4221: 이 개체 파일은 이전에 정의되지 않은 공용 기호를 정의하지 않으므로 이 라이브러리를 사용하는 어떠한 링크 작업에도 사용되지 않습니다.
d3dx9.lib(d3dx9_43.dll) : warning LNK4006: D3DXMatrixLookAtRH이(가) d3dx10d.lib(d3dx10d_43.dll)에 이미 정의되어 있습니다. 초 정의가 무시됩니다.
d3dx9.lib(d3dx9_43.dll) : warning LNK4006: __imp_D3DXMatrixLookAtRH이(가) d3dx10d.lib(d3dx10d_43.dll)에 이미 정의되어 있습니다. 초 정의가 무시됩니다.
d3dx9.lib(d3dx9_43.dll) : warning LNK4221: 이 개체 파일은 이전에 정의되지 않은 공용 기호를 정의하지 않으므로 이 라이브러리를 사용하는 어떠한 링크 작업에도 사용되지 않습니다.
d3dx9.lib(d3dx9_43.dll) : warning LNK4006: D3DXMatrixLookAtLH이(가) d3dx10d.lib(d3dx10d_43.dll)에 이미 정의되어 있습니다. 초 정의가 무시됩니다.
d3dx9.lib(d3dx9_43.dll) : warning LNK4006: __imp_D3DXMatrixLookAtLH이(가) d3dx10d.lib(d3dx10d_43.dll)에 이미 정의되어 있습니다. 초 정의가 무시됩니다.
d3dx9.lib(d3dx9_43.dll) : warning LNK4221: 이 개체 파일은 이전에 정의되지 않은 공용 기호를 정의하지 않으므로 이 라이브러리를 사용하는 어떠한 링크 작업에도 사용되지 않습니다.
d3dx9.lib(d3dx9_43.dll) : warning LNK4006: D3DXMatrixInverse이(가) d3dx10d.lib(d3dx10d_43.dll)에 이미 정의되어 있습니다. 초 정의가 무시됩니다.
d3dx9.lib(d3dx9_43.dll) : warning LNK4006: __imp_D3DXMatrixInverse이(가) d3dx10d.lib(d3dx10d_43.dll)에 이미 정의되어 있습니다. 초 정의가 무시됩니다.
d3dx9.lib(d3dx9_43.dll) : warning LNK4221: 이 개체 파일은 이전에 정의되지 않은 공용 기호를 정의하지 않으므로 이 라이브러리를 사용하는 어떠한 링크 작업에도 사용되지 않습니다.
d3dx9.lib(d3dx9_43.dll) : warning LNK4006: D3DXMatrixDeterminant이(가) d3dx10d.lib(d3dx10d_43.dll)에 이미 정의되어 있습니다. 초 정의가 무시됩니다.
d3dx9.lib(d3dx9_43.dll) : warning LNK4006: __imp_D3DXMatrixDeterminant이(가) d3dx10d.lib(d3dx10d_43.dll)에 이미 정의되어 있습니다. 초 정의가 무시됩니다.
d3dx9.lib(d3dx9_43.dll) : warning LNK4221: 이 개체 파일은 이전에 정의되지 않은 공용 기호를 정의하지 않으므로 이 라이브러리를 사용하는 어떠한 링크 작업에도 사용되지 않습니다.
d3dx9.lib(d3dx9_43.dll) : warning LNK4006: D3DXMatrixDecompose이(가) d3dx10d.lib(d3dx10d_43.dll)에 이미 정의되어 있습니다. 초 정의가 무시됩니다.
d3dx9.lib(d3dx9_43.dll) : warning LNK4006: __imp_D3DXMatrixDecompose이(가) d3dx10d.lib(d3dx10d_43.dll)에 이미 정의되어 있습니다. 초 정의가 무시됩니다.
d3dx9.lib(d3dx9_43.dll) : warning LNK4221: 이 개체 파일은 이전에 정의되지 않은 공용 기호를 정의하지 않으므로 이 라이브러리를 사용하는 어떠한 링크 작업에도 사용되지 않습니다.
d3dx9.lib(d3dx9_43.dll) : warning LNK4006: D3DXMatrixAffineTransformation2D이(가) d3dx10d.lib(d3dx10d_43.dll)에 이미 정의되어 있습니다. 초 정의가 무시됩니다.
d3dx9.lib(d3dx9_43.dll) : warning LNK4006: __imp_D3DXMatrixAffineTransformation2D이(가) d3dx10d.lib(d3dx10d_43.dll)에 이미 정의되어 있습니다. 초 정의가 무시됩니다.
d3dx9.lib(d3dx9_43.dll) : warning LNK4221: 이 개체 파일은 이전에 정의되지 않은 공용 기호를 정의하지 않으므로 이 라이브러리를 사용하는 어떠한 링크 작업에도 사용되지 않습니다.
d3dx9.lib(d3dx9_43.dll) : warning LNK4006: D3DXMatrixAffineTransformation이(가) d3dx10d.lib(d3dx10d_43.dll)에 이미 정의되어 있습니다. 초 정의가 무시됩니다.
d3dx9.lib(d3dx9_43.dll) : warning LNK4006: __imp_D3DXMatrixAffineTransformation이(가) d3dx10d.lib(d3dx10d_43.dll)에 이미 정의되어 있습니다. 초 정의가 무시됩니다.
d3dx9.lib(d3dx9_43.dll) : warning LNK4221: 이 개체 파일은 이전에 정의되지 않은 공용 기호를 정의하지 않으므로 이 라이브러리를 사용하는 어떠한 링크 작업에도 사용되지 않습니다.
d3dx9.lib(d3dx9_43.dll) : warning LNK4006: D3DXIntersectTri이(가) d3dx10d.lib(d3dx10d_43.dll)에 이미 정의되어 있습니다. 초 정의가 무시됩니다.
d3dx9.lib(d3dx9_43.dll) : warning LNK4006: __imp_D3DXIntersectTri이(가) d3dx10d.lib(d3dx10d_43.dll)에 이미 정의되어 있습니다. 초 정의가 무시됩니다.
d3dx9.lib(d3dx9_43.dll) : warning LNK4221: 이 개체 파일은 이전에 정의되지 않은 공용 기호를 정의하지 않으므로 이 라이브러리를 사용하는 어떠한 링크 작업에도 사용되지 않습니다.
d3dx9.lib(d3dx9_43.dll) : warning LNK4006: D3DXFresnelTerm이(가) d3dx10d.lib(d3dx10d_43.dll)에 이미 정의되어 있습니다. 초 정의가 무시됩니다.
d3dx9.lib(d3dx9_43.dll) : warning LNK4006: __imp_D3DXFresnelTerm이(가) d3dx10d.lib(d3dx10d_43.dll)에 이미 정의되어 있습니다. 초 정의가 무시됩니다.
d3dx9.lib(d3dx9_43.dll) : warning LNK4221: 이 개체 파일은 이전에 정의되지 않은 공용 기호를 정의하지 않으므로 이 라이브러리를 사용하는 어떠한 링크 작업에도 사용되지 않습니다.
d3dx9.lib(d3dx9_43.dll) : warning LNK4006: D3DXFloat32To16Array이(가) d3dx10d.lib(d3dx10d_43.dll)에 이미 정의되어 있습니다. 초 정의가 무시됩니다.
d3dx9.lib(d3dx9_43.dll) : warning LNK4006: __imp_D3DXFloat32To16Array이(가) d3dx10d.lib(d3dx10d_43.dll)에 이미 정의되어 있습니다. 초 정의가 무시됩니다.
d3dx9.lib(d3dx9_43.dll) : warning LNK4221: 이 개체 파일은 이전에 정의되지 않은 공용 기호를 정의하지 않으므로 이 라이브러리를 사용하는 어떠한 링크 작업에도 사용되지 않습니다.
d3dx9.lib(d3dx9_43.dll) : warning LNK4006: D3DXFloat16To32Array이(가) d3dx10d.lib(d3dx10d_43.dll)에 이미 정의되어 있습니다. 초 정의가 무시됩니다.
d3dx9.lib(d3dx9_43.dll) : warning LNK4006: __imp_D3DXFloat16To32Array이(가) d3dx10d.lib(d3dx10d_43.dll)에 이미 정의되어 있습니다. 초 정의가 무시됩니다.
d3dx9.lib(d3dx9_43.dll) : warning LNK4221: 이 개체 파일은 이전에 정의되지 않은 공용 기호를 정의하지 않으므로 이 라이브러리를 사용하는 어떠한 링크 작업에도 사용되지 않습니다.
d3dx9.lib(d3dx9_43.dll) : warning LNK4006: D3DXCreateMatrixStack이(가) d3dx10d.lib(d3dx10d_43.dll)에 이미 정의되어 있습니다. 초 정의가 무시됩니다.
d3dx9.lib(d3dx9_43.dll) : warning LNK4006: __imp_D3DXCreateMatrixStack이(가) d3dx10d.lib(d3dx10d_43.dll)에 이미 정의되어 있습니다. 초 정의가 무시됩니다.
d3dx9.lib(d3dx9_43.dll) : warning LNK4221: 이 개체 파일은 이전에 정의되지 않은 공용 기호를 정의하지 않으므로 이 라이브러리를 사용하는 어떠한 링크 작업에도 사용되지 않습니다.
d3dx9.lib(d3dx9_43.dll) : warning LNK4006: D3DXComputeBoundingSphere이(가) d3dx10d.lib(d3dx10d_43.dll)에 이미 정의되어 있습니다. 초 정의가 무시됩니다.
d3dx9.lib(d3dx9_43.dll) : warning LNK4006: __imp_D3DXComputeBoundingSphere이(가) d3dx10d.lib(d3dx10d_43.dll)에 이미 정의되어 있습니다. 초 정의가 무시됩니다.
d3dx9.lib(d3dx9_43.dll) : warning LNK4221: 이 개체 파일은 이전에 정의되지 않은 공용 기호를 정의하지 않으므로 이 라이브러리를 사용하는 어떠한 링크 작업에도 사용되지 않습니다.
d3dx9.lib(d3dx9_43.dll) : warning LNK4006: D3DXComputeBoundingBox이(가) d3dx10d.lib(d3dx10d_43.dll)에 이미 정의되어 있습니다. 초 정의가 무시됩니다.
d3dx9.lib(d3dx9_43.dll) : warning LNK4006: __imp_D3DXComputeBoundingBox이(가) d3dx10d.lib(d3dx10d_43.dll)에 이미 정의되어 있습니다. 초 정의가 무시됩니다.
d3dx9.lib(d3dx9_43.dll) : warning LNK4221: 이 개체 파일은 이전에 정의되지 않은 공용 기호를 정의하지 않으므로 이 라이브러리를 사용하는 어떠한 링크 작업에도 사용되지 않습니다.
d3dx9.lib(d3dx9_43.dll) : warning LNK4006: D3DXColorAdjustSaturation이(가) d3dx10d.lib(d3dx10d_43.dll)에 이미 정의되어 있습니다. 초 정의가 무시됩니다.
d3dx9.lib(d3dx9_43.dll) : warning LNK4006: __imp_D3DXColorAdjustSaturation이(가) d3dx10d.lib(d3dx10d_43.dll)에 이미 정의되어 있습니다. 초 정의가 무시됩니다.
d3dx9.lib(d3dx9_43.dll) : warning LNK4221: 이 개체 파일은 이전에 정의되지 않은 공용 기호를 정의하지 않으므로 이 라이브러리를 사용하는 어떠한 링크 작업에도 사용되지 않습니다.
d3dx9.lib(d3dx9_43.dll) : warning LNK4006: D3DXColorAdjustContrast이(가) d3dx10d.lib(d3dx10d_43.dll)에 이미 정의되어 있습니다. 초 정의가 무시됩니다.
d3dx9.lib(d3dx9_43.dll) : warning LNK4006: __imp_D3DXColorAdjustContrast이(가) d3dx10d.lib(d3dx10d_43.dll)에 이미 정의되어 있습니다. 초 정의가 무시됩니다.
d3dx9.lib(d3dx9_43.dll) : warning LNK4221: 이 개체 파일은 이전에 정의되지 않은 공용 기호를 정의하지 않으므로 이 라이브러리를 사용하는 어떠한 링크 작업에도 사용되지 않습니다.
d3dx9.lib(d3dx9_43.dll) : warning LNK4006: D3DXBoxBoundProbe이(가) d3dx10d.lib(d3dx10d_43.dll)에 이미 정의되어 있습니다. 초 정의가 무시됩니다.
d3dx9.lib(d3dx9_43.dll) : warning LNK4006: __imp_D3DXBoxBoundProbe이(가) d3dx10d.lib(d3dx10d_43.dll)에 이미 정의되어 있습니다. 초 정의가 무시됩니다.
d3dx9.lib(d3dx9_43.dll) : warning LNK4221: 이 개체 파일은 이전에 정의되지 않은 공용 기호를 정의하지 않으므로 이 라이브러리를 사용하는 어떠한 링크 작업에도 사용되지 않습니다.
d3dx9.lib(d3dx9_43.dll) : warning LNK4006: __NULL_IMPORT_DESCRIPTOR이(가) d3d9.lib(d3d9.dll)에 이미 정의되어 있습니다. 초 정의가 무시됩니다.
d3dx9.lib(d3dx9_43.dll) : warning LNK4221: 이 개체 파일은 이전에 정의되지 않은 공용 기호를 정의하지 않으므로 이 라이브러리를 사용하는 어떠한 링크 작업에도 사용되지 않습니다.
winmm.lib(WINMM.dll) : warning LNK4006: __NULL_IMPORT_DESCRIPTOR이(가) d3d9.lib(d3d9.dll)에 이미 정의되어 있습니다. 초 정의가 무시됩니다.
winmm.lib(WINMM.dll) : warning LNK4221: 이 개체 파일은 이전에 정의되지 않은 공용 기호를 정의하지 않으므로 이 라이브러리를 사용하는 어떠한 링크 작업에도 사용되지 않습니다.
d3dxof.lib(d3dxof.dll) : warning LNK4006: __NULL_IMPORT_DESCRIPTOR이(가) d3d9.lib(d3d9.dll)에 이미 정의되어 있습니다. 초 정의가 무시됩니다.
d3dxof.lib(d3dxof.dll) : warning LNK4221: 이 개체 파일은 이전에 정의되지 않은 공용 기호를 정의하지 않으므로 이 라이브러리를 사용하는 어떠한 링크 작업에도 사용되지 않습니다.
Common.obj : warning LNK4221: 이 개체 파일은 이전에 정의되지 않은 공용 기호를 정의하지 않으므로 이 라이브러리를 사용하는 어떠한 링크 작업에도 사용되지 않습니다.
  BONE_GRAPHICS.vcxproj -> C:\Users\69277\Source\Repos\BONE_ENGINE\BONE_ENGINE\x64\Debug\BONE_GRAPHICS.lib
