  NetworkSession.cpp
c:\program files (x86)\windows kits\8.1\include\um\dbghelp.h(1544): warning C4091: 'typedef ': 변수를 선언하지 않으면 '' 왼쪽은 무시됩니다.
c:\program files (x86)\windows kits\8.1\include\um\dbghelp.h(3190): warning C4091: 'typedef ': 변수를 선언하지 않으면 '' 왼쪽은 무시됩니다.
  코드를 생성하고 있습니다...
  컴파일하고 있습니다...
  Stream.cpp
c:\program files (x86)\windows kits\8.1\include\um\dbghelp.h(1544): warning C4091: 'typedef ': 변수를 선언하지 않으면 '' 왼쪽은 무시됩니다.
c:\program files (x86)\windows kits\8.1\include\um\dbghelp.h(3190): warning C4091: 'typedef ': 변수를 선언하지 않으면 '' 왼쪽은 무시됩니다.
  PacketSession.cpp
c:\program files (x86)\windows kits\8.1\include\um\dbghelp.h(1544): warning C4091: 'typedef ': 변수를 선언하지 않으면 '' 왼쪽은 무시됩니다.
c:\program files (x86)\windows kits\8.1\include\um\dbghelp.h(3190): warning C4091: 'typedef ': 변수를 선언하지 않으면 '' 왼쪽은 무시됩니다.
c:\users\69277\source\repos\bone_engine\bone_engine\bone_network\packetsession.cpp(138): warning C4018: '<=': signed 또는 unsigned가 일치하지 않습니다.
  ClientSession.cpp
c:\program files (x86)\windows kits\8.1\include\um\dbghelp.h(1544): warning C4091: 'typedef ': 변수를 선언하지 않으면 '' 왼쪽은 무시됩니다.
c:\program files (x86)\windows kits\8.1\include\um\dbghelp.h(3190): warning C4091: 'typedef ': 변수를 선언하지 않으면 '' 왼쪽은 무시됩니다.
  CircularQueue.cpp
c:\program files (x86)\windows kits\8.1\include\um\dbghelp.h(1544): warning C4091: 'typedef ': 변수를 선언하지 않으면 '' 왼쪽은 무시됩니다.
c:\program files (x86)\windows kits\8.1\include\um\dbghelp.h(3190): warning C4091: 'typedef ': 변수를 선언하지 않으면 '' 왼쪽은 무시됩니다.
  코드를 생성하고 있습니다...
  BONE_NETWORK.vcxproj -> C:\Users\69277\Source\Repos\BONE_ENGINE\BONE_ENGINE\x64\Debug\BONE_NETWORK.lib
